{"C:\\Users\\bonda\\react\\src\\App.tsx": {"path":"C:\\Users\\bonda\\react\\src\\App.tsx","all":false,"statementMap":{"0":{"start":{"line":1,"column":0},"end":{"line":1,"column":44}},"1":{"start":{"line":2,"column":0},"end":{"line":2,"column":19}},"2":{"start":{"line":3,"column":0},"end":{"line":3,"column":60}},"3":{"start":{"line":4,"column":0},"end":{"line":4,"column":51}},"4":{"start":{"line":5,"column":0},"end":{"line":5,"column":48}},"5":{"start":{"line":6,"column":0},"end":{"line":6,"column":60}},"6":{"start":{"line":7,"column":0},"end":{"line":7,"column":53}},"7":{"start":{"line":8,"column":0},"end":{"line":8,"column":59}},"8":{"start":{"line":9,"column":0},"end":{"line":9,"column":57}},"10":{"start":{"line":11,"column":0},"end":{"line":11,"column":19}},"11":{"start":{"line":12,"column":0},"end":{"line":12,"column":33}},"12":{"start":{"line":13,"column":0},"end":{"line":13,"column":33}},"13":{"start":{"line":14,"column":0},"end":{"line":14,"column":49}},"14":{"start":{"line":15,"column":0},"end":{"line":15,"column":41}},"15":{"start":{"line":16,"column":0},"end":{"line":16,"column":4}},"16":{"start":{"line":17,"column":0},"end":{"line":17,"column":52}},"17":{"start":{"line":18,"column":0},"end":{"line":18,"column":9}},"18":{"start":{"line":19,"column":0},"end":{"line":19,"column":18}},"19":{"start":{"line":20,"column":0},"end":{"line":20,"column":10}},"20":{"start":{"line":21,"column":0},"end":{"line":21,"column":14}},"21":{"start":{"line":22,"column":0},"end":{"line":22,"column":68}},"22":{"start":{"line":23,"column":0},"end":{"line":23,"column":31}},"24":{"start":{"line":25,"column":0},"end":{"line":25,"column":19}},"25":{"start":{"line":26,"column":0},"end":{"line":26,"column":22}},"26":{"start":{"line":27,"column":0},"end":{"line":27,"column":16}},"27":{"start":{"line":28,"column":0},"end":{"line":28,"column":25}},"28":{"start":{"line":29,"column":0},"end":{"line":29,"column":5}},"29":{"start":{"line":30,"column":0},"end":{"line":30,"column":14}},"31":{"start":{"line":32,"column":0},"end":{"line":32,"column":19}},"32":{"start":{"line":33,"column":0},"end":{"line":33,"column":57}},"33":{"start":{"line":34,"column":0},"end":{"line":34,"column":76}},"34":{"start":{"line":35,"column":0},"end":{"line":35,"column":39}},"35":{"start":{"line":36,"column":0},"end":{"line":36,"column":26}},"37":{"start":{"line":38,"column":0},"end":{"line":38,"column":43}},"38":{"start":{"line":39,"column":0},"end":{"line":39,"column":28}},"39":{"start":{"line":40,"column":0},"end":{"line":40,"column":42}},"40":{"start":{"line":41,"column":0},"end":{"line":41,"column":26}},"41":{"start":{"line":42,"column":0},"end":{"line":42,"column":22}},"42":{"start":{"line":43,"column":0},"end":{"line":43,"column":18}},"43":{"start":{"line":44,"column":0},"end":{"line":44,"column":4}},"45":{"start":{"line":46,"column":0},"end":{"line":46,"column":36}},"46":{"start":{"line":47,"column":0},"end":{"line":47,"column":53}},"47":{"start":{"line":48,"column":0},"end":{"line":48,"column":4}},"49":{"start":{"line":50,"column":0},"end":{"line":50,"column":36}},"50":{"start":{"line":51,"column":0},"end":{"line":51,"column":26}},"51":{"start":{"line":52,"column":0},"end":{"line":52,"column":38}},"52":{"start":{"line":53,"column":0},"end":{"line":53,"column":45}},"53":{"start":{"line":54,"column":0},"end":{"line":54,"column":5}},"54":{"start":{"line":55,"column":0},"end":{"line":55,"column":4}},"56":{"start":{"line":57,"column":0},"end":{"line":57,"column":32}},"57":{"start":{"line":58,"column":0},"end":{"line":58,"column":36}},"58":{"start":{"line":59,"column":0},"end":{"line":59,"column":43}},"59":{"start":{"line":60,"column":0},"end":{"line":60,"column":4}},"61":{"start":{"line":62,"column":0},"end":{"line":62,"column":10}},"62":{"start":{"line":63,"column":0},"end":{"line":63,"column":27}},"63":{"start":{"line":64,"column":0},"end":{"line":64,"column":42}},"64":{"start":{"line":65,"column":0},"end":{"line":65,"column":70}},"66":{"start":{"line":67,"column":0},"end":{"line":67,"column":17}},"67":{"start":{"line":68,"column":0},"end":{"line":68,"column":46}},"68":{"start":{"line":69,"column":0},"end":{"line":69,"column":23}},"69":{"start":{"line":70,"column":0},"end":{"line":70,"column":16}},"70":{"start":{"line":71,"column":0},"end":{"line":71,"column":15}},"71":{"start":{"line":72,"column":0},"end":{"line":72,"column":22}},"72":{"start":{"line":73,"column":0},"end":{"line":73,"column":20}},"74":{"start":{"line":75,"column":0},"end":{"line":75,"column":43}},"75":{"start":{"line":76,"column":0},"end":{"line":76,"column":53}},"76":{"start":{"line":77,"column":0},"end":{"line":77,"column":46}},"77":{"start":{"line":78,"column":0},"end":{"line":78,"column":21}},"78":{"start":{"line":79,"column":0},"end":{"line":79,"column":45}},"79":{"start":{"line":80,"column":0},"end":{"line":80,"column":44}},"80":{"start":{"line":81,"column":0},"end":{"line":81,"column":15}},"82":{"start":{"line":83,"column":0},"end":{"line":83,"column":23}},"83":{"start":{"line":84,"column":0},"end":{"line":84,"column":45}},"84":{"start":{"line":85,"column":0},"end":{"line":85,"column":77}},"86":{"start":{"line":87,"column":0},"end":{"line":87,"column":23}},"87":{"start":{"line":88,"column":0},"end":{"line":88,"column":18}},"88":{"start":{"line":89,"column":0},"end":{"line":89,"column":16}},"90":{"start":{"line":91,"column":0},"end":{"line":91,"column":16}},"91":{"start":{"line":92,"column":0},"end":{"line":92,"column":10}},"93":{"start":{"line":94,"column":0},"end":{"line":94,"column":2}},"95":{"start":{"line":96,"column":0},"end":{"line":96,"column":19}}},"s":{"0":1,"1":1,"2":1,"3":1,"4":1,"5":1,"6":1,"7":1,"8":1,"10":1,"11":10,"12":10,"13":10,"14":10,"15":10,"16":10,"17":10,"18":10,"19":10,"20":10,"21":10,"22":10,"24":10,"25":3,"26":3,"27":0,"28":0,"29":10,"31":10,"32":3,"33":3,"34":3,"35":10,"37":10,"38":1,"39":1,"40":1,"41":1,"42":1,"43":1,"45":10,"46":0,"47":0,"49":10,"50":0,"51":0,"52":0,"53":0,"54":0,"56":10,"57":0,"58":0,"59":0,"61":10,"62":10,"63":10,"64":10,"66":10,"67":10,"68":10,"69":10,"70":10,"71":10,"72":10,"74":0,"75":0,"76":0,"77":0,"78":0,"79":0,"80":0,"82":0,"83":0,"84":0,"86":0,"87":0,"88":0,"90":10,"91":10,"93":10,"95":1},"branchMap":{"0":{"type":"branch","line":11,"loc":{"start":{"line":11,"column":12},"end":{"line":94,"column":2}},"locations":[{"start":{"line":11,"column":12},"end":{"line":94,"column":2}}]},"1":{"type":"branch","line":73,"loc":{"start":{"line":73,"column":18},"end":{"line":89,"column":16}},"locations":[{"start":{"line":73,"column":18},"end":{"line":89,"column":16}}]},"2":{"type":"branch","line":25,"loc":{"start":{"line":25,"column":12},"end":{"line":30,"column":5}},"locations":[{"start":{"line":25,"column":12},"end":{"line":30,"column":5}}]},"3":{"type":"branch","line":27,"loc":{"start":{"line":27,"column":15},"end":{"line":29,"column":5}},"locations":[{"start":{"line":27,"column":15},"end":{"line":29,"column":5}}]},"4":{"type":"branch","line":32,"loc":{"start":{"line":32,"column":12},"end":{"line":36,"column":5}},"locations":[{"start":{"line":32,"column":12},"end":{"line":36,"column":5}}]},"5":{"type":"branch","line":38,"loc":{"start":{"line":38,"column":23},"end":{"line":44,"column":4}},"locations":[{"start":{"line":38,"column":23},"end":{"line":44,"column":4}}]}},"b":{"0":[10],"1":[0],"2":[3],"3":[0],"4":[3],"5":[1]},"fnMap":{"0":{"name":"App","decl":{"start":{"line":11,"column":12},"end":{"line":94,"column":2}},"loc":{"start":{"line":11,"column":12},"end":{"line":94,"column":2}},"line":11},"1":{"name":"handleSearch","decl":{"start":{"line":38,"column":23},"end":{"line":44,"column":4}},"loc":{"start":{"line":38,"column":23},"end":{"line":44,"column":4}},"line":38},"2":{"name":"errorButtonHandler","decl":{"start":{"line":46,"column":29},"end":{"line":48,"column":4}},"loc":{"start":{"line":46,"column":29},"end":{"line":48,"column":4}},"line":46},"3":{"name":"handlePreviousPage","decl":{"start":{"line":50,"column":29},"end":{"line":55,"column":4}},"loc":{"start":{"line":50,"column":29},"end":{"line":55,"column":4}},"line":50},"4":{"name":"handleNextPage","decl":{"start":{"line":57,"column":25},"end":{"line":60,"column":4}},"loc":{"start":{"line":57,"column":25},"end":{"line":60,"column":4}},"line":57}},"f":{"0":10,"1":1,"2":0,"3":0,"4":0}}
,"C:\\Users\\bonda\\react\\src\\main.tsx": {"path":"C:\\Users\\bonda\\react\\src\\main.tsx","all":true,"statementMap":{"0":{"start":{"line":1,"column":0},"end":{"line":1,"column":26}},"1":{"start":{"line":2,"column":0},"end":{"line":2,"column":40}},"2":{"start":{"line":3,"column":0},"end":{"line":3,"column":21}},"3":{"start":{"line":4,"column":0},"end":{"line":4,"column":73}},"4":{"start":{"line":5,"column":0},"end":{"line":5,"column":50}},"5":{"start":{"line":6,"column":0},"end":{"line":6,"column":48}},"6":{"start":{"line":7,"column":0},"end":{"line":7,"column":39}},"7":{"start":{"line":8,"column":0},"end":{"line":8,"column":45}},"8":{"start":{"line":9,"column":0},"end":{"line":9,"column":68}},"10":{"start":{"line":11,"column":0},"end":{"line":11,"column":61}},"11":{"start":{"line":12,"column":0},"end":{"line":12,"column":20}},"12":{"start":{"line":13,"column":0},"end":{"line":13,"column":19}},"13":{"start":{"line":14,"column":0},"end":{"line":14,"column":30}},"14":{"start":{"line":15,"column":0},"end":{"line":15,"column":23}},"15":{"start":{"line":16,"column":0},"end":{"line":16,"column":44}},"16":{"start":{"line":17,"column":0},"end":{"line":17,"column":24}},"17":{"start":{"line":18,"column":0},"end":{"line":18,"column":17}},"18":{"start":{"line":19,"column":0},"end":{"line":19,"column":20}},"19":{"start":{"line":20,"column":0},"end":{"line":20,"column":22}},"20":{"start":{"line":21,"column":0},"end":{"line":21,"column":2}}},"s":{"0":0,"1":0,"2":0,"3":0,"4":0,"5":0,"6":0,"7":0,"8":0,"10":0,"11":0,"12":0,"13":0,"14":0,"15":0,"16":0,"17":0,"18":0,"19":0,"20":0},"branchMap":{"0":{"type":"branch","line":1,"loc":{"start":{"line":1,"column":712},"end":{"line":21,"column":2}},"locations":[{"start":{"line":1,"column":712},"end":{"line":21,"column":2}}]}},"b":{"0":[0]},"fnMap":{"0":{"name":"(empty-report)","decl":{"start":{"line":1,"column":712},"end":{"line":21,"column":2}},"loc":{"start":{"line":1,"column":712},"end":{"line":21,"column":2}},"line":1}},"f":{"0":0}}
,"C:\\Users\\bonda\\react\\src\\common\\NotFound\\NotFound.tsx": {"path":"C:\\Users\\bonda\\react\\src\\common\\NotFound\\NotFound.tsx","all":false,"statementMap":{"0":{"start":{"line":1,"column":0},"end":{"line":1,"column":24}},"2":{"start":{"line":3,"column":0},"end":{"line":3,"column":24}},"3":{"start":{"line":4,"column":0},"end":{"line":4,"column":10}},"4":{"start":{"line":5,"column":0},"end":{"line":5,"column":36}},"5":{"start":{"line":6,"column":0},"end":{"line":6,"column":33}},"6":{"start":{"line":7,"column":0},"end":{"line":7,"column":10}},"8":{"start":{"line":9,"column":0},"end":{"line":9,"column":2}},"10":{"start":{"line":11,"column":0},"end":{"line":11,"column":24}}},"s":{"0":1,"2":1,"3":3,"4":3,"5":3,"6":3,"8":3,"10":1},"branchMap":{"0":{"type":"branch","line":3,"loc":{"start":{"line":3,"column":17},"end":{"line":9,"column":2}},"locations":[{"start":{"line":3,"column":17},"end":{"line":9,"column":2}}]}},"b":{"0":[3]},"fnMap":{"0":{"name":"NotFound","decl":{"start":{"line":3,"column":17},"end":{"line":9,"column":2}},"loc":{"start":{"line":3,"column":17},"end":{"line":9,"column":2}},"line":3}},"f":{"0":3}}
,"C:\\Users\\bonda\\react\\src\\common\\RootReducer\\rootReducer.ts": {"path":"C:\\Users\\bonda\\react\\src\\common\\RootReducer\\rootReducer.ts","all":false,"statementMap":{"0":{"start":{"line":1,"column":0},"end":{"line":1,"column":51}},"1":{"start":{"line":2,"column":0},"end":{"line":2,"column":48}},"3":{"start":{"line":4,"column":0},"end":{"line":4,"column":37}},"4":{"start":{"line":5,"column":0},"end":{"line":5,"column":43}},"5":{"start":{"line":6,"column":0},"end":{"line":6,"column":3}},"8":{"start":{"line":9,"column":0},"end":{"line":9,"column":27}}},"s":{"0":1,"1":1,"3":1,"4":1,"5":1,"8":1},"branchMap":{},"b":{},"fnMap":{},"f":{}}
,"C:\\Users\\bonda\\react\\src\\common\\Router\\Router.tsx": {"path":"C:\\Users\\bonda\\react\\src\\common\\Router\\Router.tsx","all":false,"statementMap":{"0":{"start":{"line":1,"column":0},"end":{"line":1,"column":55}},"1":{"start":{"line":2,"column":0},"end":{"line":2,"column":28}},"2":{"start":{"line":3,"column":0},"end":{"line":3,"column":44}},"3":{"start":{"line":4,"column":0},"end":{"line":4,"column":55}},"4":{"start":{"line":5,"column":0},"end":{"line":5,"column":55}},"6":{"start":{"line":7,"column":0},"end":{"line":7,"column":36}},"7":{"start":{"line":8,"column":0},"end":{"line":8,"column":3}},"8":{"start":{"line":9,"column":0},"end":{"line":9,"column":20}},"9":{"start":{"line":10,"column":0},"end":{"line":10,"column":21}},"10":{"start":{"line":11,"column":0},"end":{"line":11,"column":15}},"11":{"start":{"line":12,"column":0},"end":{"line":12,"column":7}},"12":{"start":{"line":13,"column":0},"end":{"line":13,"column":22}},"13":{"start":{"line":14,"column":0},"end":{"line":14,"column":39}},"14":{"start":{"line":15,"column":0},"end":{"line":15,"column":35}},"15":{"start":{"line":16,"column":0},"end":{"line":16,"column":19}},"16":{"start":{"line":17,"column":0},"end":{"line":17,"column":11}},"17":{"start":{"line":18,"column":0},"end":{"line":18,"column":39}},"18":{"start":{"line":19,"column":0},"end":{"line":19,"column":33}},"19":{"start":{"line":20,"column":0},"end":{"line":20,"column":12}},"20":{"start":{"line":21,"column":0},"end":{"line":21,"column":10}},"21":{"start":{"line":22,"column":0},"end":{"line":22,"column":8}},"22":{"start":{"line":23,"column":0},"end":{"line":23,"column":6}},"23":{"start":{"line":24,"column":0},"end":{"line":24,"column":4}},"24":{"start":{"line":25,"column":0},"end":{"line":25,"column":3}},"25":{"start":{"line":26,"column":0},"end":{"line":26,"column":14}},"26":{"start":{"line":27,"column":0},"end":{"line":27,"column":21}},"27":{"start":{"line":28,"column":0},"end":{"line":28,"column":4}},"28":{"start":{"line":29,"column":0},"end":{"line":29,"column":3}},"30":{"start":{"line":31,"column":0},"end":{"line":31,"column":22}}},"s":{"0":1,"1":1,"2":1,"3":1,"4":1,"6":1,"7":1,"8":1,"9":1,"10":1,"11":1,"12":1,"13":1,"14":1,"15":1,"16":1,"17":1,"18":1,"19":1,"20":1,"21":1,"22":1,"23":1,"24":1,"25":1,"26":1,"27":1,"28":1,"30":1},"branchMap":{},"b":{},"fnMap":{},"f":{}}
,"C:\\Users\\bonda\\react\\src\\common\\store\\Store.tsx": {"path":"C:\\Users\\bonda\\react\\src\\common\\store\\Store.tsx","all":true,"statementMap":{"0":{"start":{"line":1,"column":0},"end":{"line":1,"column":19}},"1":{"start":{"line":2,"column":0},"end":{"line":2,"column":50}},"2":{"start":{"line":3,"column":0},"end":{"line":3,"column":53}},"3":{"start":{"line":4,"column":0},"end":{"line":4,"column":48}},"5":{"start":{"line":6,"column":0},"end":{"line":6,"column":30}},"6":{"start":{"line":7,"column":0},"end":{"line":7,"column":23}},"7":{"start":{"line":8,"column":0},"end":{"line":8,"column":39}},"8":{"start":{"line":9,"column":0},"end":{"line":9,"column":55}},"9":{"start":{"line":10,"column":0},"end":{"line":10,"column":3}},"12":{"start":{"line":13,"column":0},"end":{"line":13,"column":21}}},"s":{"0":0,"1":0,"2":0,"3":0,"5":0,"6":0,"7":0,"8":0,"9":0,"12":0},"branchMap":{"0":{"type":"branch","line":1,"loc":{"start":{"line":1,"column":0},"end":{"line":13,"column":-176}},"locations":[{"start":{"line":1,"column":0},"end":{"line":13,"column":-176}}]}},"b":{"0":[0]},"fnMap":{"0":{"name":"(empty-report)","decl":{"start":{"line":1,"column":0},"end":{"line":13,"column":-176}},"loc":{"start":{"line":1,"column":0},"end":{"line":13,"column":-176}},"line":1}},"f":{"0":0}}
,"C:\\Users\\bonda\\react\\src\\components\\Details\\Details.tsx": {"path":"C:\\Users\\bonda\\react\\src\\components\\Details\\Details.tsx","all":false,"statementMap":{"0":{"start":{"line":1,"column":0},"end":{"line":1,"column":34}},"1":{"start":{"line":2,"column":0},"end":{"line":2,"column":60}},"2":{"start":{"line":3,"column":0},"end":{"line":3,"column":61}},"3":{"start":{"line":4,"column":0},"end":{"line":4,"column":23}},"4":{"start":{"line":5,"column":0},"end":{"line":5,"column":38}},"6":{"start":{"line":7,"column":0},"end":{"line":7,"column":23}},"7":{"start":{"line":8,"column":0},"end":{"line":8,"column":33}},"8":{"start":{"line":9,"column":0},"end":{"line":9,"column":33}},"9":{"start":{"line":10,"column":0},"end":{"line":10,"column":54}},"10":{"start":{"line":11,"column":0},"end":{"line":11,"column":63}},"12":{"start":{"line":13,"column":0},"end":{"line":13,"column":19}},"13":{"start":{"line":14,"column":0},"end":{"line":14,"column":16}},"14":{"start":{"line":15,"column":0},"end":{"line":15,"column":25}},"15":{"start":{"line":16,"column":0},"end":{"line":16,"column":5}},"16":{"start":{"line":17,"column":0},"end":{"line":17,"column":14}},"18":{"start":{"line":19,"column":0},"end":{"line":19,"column":29}},"19":{"start":{"line":20,"column":0},"end":{"line":20,"column":17}},"20":{"start":{"line":21,"column":0},"end":{"line":21,"column":4}},"22":{"start":{"line":23,"column":0},"end":{"line":23,"column":10}},"23":{"start":{"line":24,"column":0},"end":{"line":24,"column":37}},"24":{"start":{"line":25,"column":0},"end":{"line":25,"column":20}},"25":{"start":{"line":26,"column":0},"end":{"line":26,"column":18}},"26":{"start":{"line":27,"column":0},"end":{"line":27,"column":18}},"27":{"start":{"line":28,"column":0},"end":{"line":28,"column":35}},"28":{"start":{"line":29,"column":0},"end":{"line":29,"column":45}},"29":{"start":{"line":30,"column":0},"end":{"line":30,"column":61}},"30":{"start":{"line":31,"column":0},"end":{"line":31,"column":61}},"31":{"start":{"line":32,"column":0},"end":{"line":32,"column":65}},"32":{"start":{"line":33,"column":0},"end":{"line":33,"column":73}},"33":{"start":{"line":34,"column":0},"end":{"line":34,"column":73}},"34":{"start":{"line":35,"column":0},"end":{"line":35,"column":71}},"35":{"start":{"line":36,"column":0},"end":{"line":36,"column":73}},"36":{"start":{"line":37,"column":0},"end":{"line":37,"column":65}},"37":{"start":{"line":38,"column":0},"end":{"line":38,"column":16}},"38":{"start":{"line":39,"column":0},"end":{"line":39,"column":17}},"39":{"start":{"line":40,"column":0},"end":{"line":40,"column":38}},"40":{"start":{"line":41,"column":0},"end":{"line":41,"column":33}},"41":{"start":{"line":42,"column":0},"end":{"line":42,"column":37}},"42":{"start":{"line":43,"column":0},"end":{"line":43,"column":11}},"44":{"start":{"line":45,"column":0},"end":{"line":45,"column":19}},"45":{"start":{"line":46,"column":0},"end":{"line":46,"column":14}},"47":{"start":{"line":48,"column":0},"end":{"line":48,"column":32}},"49":{"start":{"line":50,"column":0},"end":{"line":50,"column":10}},"51":{"start":{"line":52,"column":0},"end":{"line":52,"column":2}},"53":{"start":{"line":54,"column":0},"end":{"line":54,"column":23}}},"s":{"0":1,"1":1,"2":1,"3":1,"4":1,"6":1,"7":6,"8":6,"9":6,"10":6,"12":6,"13":2,"14":0,"15":0,"16":6,"18":6,"19":1,"20":1,"22":6,"23":6,"24":6,"25":4,"26":2,"27":2,"28":2,"29":2,"30":2,"31":2,"32":2,"33":2,"34":2,"35":2,"36":2,"37":2,"38":2,"39":2,"40":2,"41":2,"42":2,"44":2,"45":2,"47":0,"49":6,"51":6,"53":1},"branchMap":{"0":{"type":"branch","line":7,"loc":{"start":{"line":7,"column":16},"end":{"line":52,"column":2}},"locations":[{"start":{"line":7,"column":16},"end":{"line":52,"column":2}}]},"1":{"type":"branch","line":25,"loc":{"start":{"line":25,"column":7},"end":{"line":26,"column":18}},"locations":[{"start":{"line":25,"column":7},"end":{"line":26,"column":18}}]},"2":{"type":"branch","line":26,"loc":{"start":{"line":26,"column":16},"end":{"line":48,"column":32}},"locations":[{"start":{"line":26,"column":16},"end":{"line":48,"column":32}}]},"3":{"type":"branch","line":46,"loc":{"start":{"line":46,"column":8},"end":{"line":48,"column":32}},"locations":[{"start":{"line":46,"column":8},"end":{"line":48,"column":32}}]},"4":{"type":"branch","line":13,"loc":{"start":{"line":13,"column":12},"end":{"line":17,"column":5}},"locations":[{"start":{"line":13,"column":12},"end":{"line":17,"column":5}}]},"5":{"type":"branch","line":14,"loc":{"start":{"line":14,"column":15},"end":{"line":16,"column":5}},"locations":[{"start":{"line":14,"column":15},"end":{"line":16,"column":5}}]},"6":{"type":"branch","line":19,"loc":{"start":{"line":19,"column":22},"end":{"line":21,"column":4}},"locations":[{"start":{"line":19,"column":22},"end":{"line":21,"column":4}}]}},"b":{"0":[6],"1":[4],"2":[2],"3":[0],"4":[2],"5":[0],"6":[1]},"fnMap":{"0":{"name":"Details","decl":{"start":{"line":7,"column":16},"end":{"line":52,"column":2}},"loc":{"start":{"line":7,"column":16},"end":{"line":52,"column":2}},"line":7},"1":{"name":"handleClose","decl":{"start":{"line":19,"column":22},"end":{"line":21,"column":4}},"loc":{"start":{"line":19,"column":22},"end":{"line":21,"column":4}},"line":19}},"f":{"0":6,"1":1}}
,"C:\\Users\\bonda\\react\\src\\components\\ErrorBoundary\\ErrorBoundary.tsx": {"path":"C:\\Users\\bonda\\react\\src\\components\\ErrorBoundary\\ErrorBoundary.tsx","all":false,"statementMap":{"0":{"start":{"line":1,"column":0},"end":{"line":1,"column":34}},"1":{"start":{"line":2,"column":0},"end":{"line":2,"column":29}},"11":{"start":{"line":12,"column":0},"end":{"line":12,"column":63}},"12":{"start":{"line":13,"column":0},"end":{"line":13,"column":34}},"13":{"start":{"line":14,"column":0},"end":{"line":14,"column":17}},"14":{"start":{"line":15,"column":0},"end":{"line":15,"column":18}},"15":{"start":{"line":16,"column":0},"end":{"line":16,"column":22}},"16":{"start":{"line":17,"column":0},"end":{"line":17,"column":6}},"17":{"start":{"line":18,"column":0},"end":{"line":18,"column":3}},"19":{"start":{"line":20,"column":0},"end":{"line":20,"column":37}},"20":{"start":{"line":21,"column":0},"end":{"line":21,"column":30}},"21":{"start":{"line":22,"column":0},"end":{"line":22,"column":3}},"23":{"start":{"line":24,"column":0},"end":{"line":24,"column":12}},"24":{"start":{"line":25,"column":0},"end":{"line":25,"column":34}},"25":{"start":{"line":26,"column":0},"end":{"line":26,"column":73}},"27":{"start":{"line":28,"column":0},"end":{"line":28,"column":25}},"29":{"start":{"line":30,"column":0},"end":{"line":30,"column":3}},"30":{"start":{"line":31,"column":0},"end":{"line":31,"column":1}},"32":{"start":{"line":33,"column":0},"end":{"line":33,"column":29}}},"s":{"0":1,"1":1,"11":1,"12":1,"13":4,"14":4,"15":4,"16":4,"17":4,"19":1,"20":2,"21":2,"23":1,"24":5,"25":2,"27":3,"29":5,"30":1,"32":1},"branchMap":{"0":{"type":"branch","line":13,"loc":{"start":{"line":13,"column":2},"end":{"line":18,"column":3}},"locations":[{"start":{"line":13,"column":2},"end":{"line":18,"column":3}}]},"1":{"type":"branch","line":20,"loc":{"start":{"line":20,"column":9},"end":{"line":22,"column":3}},"locations":[{"start":{"line":20,"column":9},"end":{"line":22,"column":3}}]},"2":{"type":"branch","line":24,"loc":{"start":{"line":24,"column":2},"end":{"line":30,"column":3}},"locations":[{"start":{"line":24,"column":2},"end":{"line":30,"column":3}}]},"3":{"type":"branch","line":25,"loc":{"start":{"line":25,"column":22},"end":{"line":26,"column":73}},"locations":[{"start":{"line":25,"column":22},"end":{"line":26,"column":73}}]},"4":{"type":"branch","line":26,"loc":{"start":{"line":26,"column":67},"end":{"line":28,"column":25}},"locations":[{"start":{"line":26,"column":67},"end":{"line":28,"column":25}}]}},"b":{"0":[4],"1":[2],"2":[5],"3":[2],"4":[3]},"fnMap":{"0":{"name":"ErrorBoundary","decl":{"start":{"line":13,"column":2},"end":{"line":18,"column":3}},"loc":{"start":{"line":13,"column":2},"end":{"line":18,"column":3}},"line":13},"1":{"name":"getDerivedStateFromError","decl":{"start":{"line":20,"column":9},"end":{"line":22,"column":3}},"loc":{"start":{"line":20,"column":9},"end":{"line":22,"column":3}},"line":20},"2":{"name":"render","decl":{"start":{"line":24,"column":2},"end":{"line":30,"column":3}},"loc":{"start":{"line":24,"column":2},"end":{"line":30,"column":3}},"line":24}},"f":{"0":4,"1":2,"2":5}}
,"C:\\Users\\bonda\\react\\src\\components\\Loader\\Loader.tsx": {"path":"C:\\Users\\bonda\\react\\src\\components\\Loader\\Loader.tsx","all":false,"statementMap":{"0":{"start":{"line":1,"column":0},"end":{"line":1,"column":22}},"1":{"start":{"line":2,"column":0},"end":{"line":2,"column":51}},"2":{"start":{"line":3,"column":0},"end":{"line":3,"column":2}},"4":{"start":{"line":5,"column":0},"end":{"line":5,"column":22}}},"s":{"0":1,"1":12,"2":12,"4":1},"branchMap":{"0":{"type":"branch","line":1,"loc":{"start":{"line":1,"column":15},"end":{"line":3,"column":2}},"locations":[{"start":{"line":1,"column":15},"end":{"line":3,"column":2}}]}},"b":{"0":[12]},"fnMap":{"0":{"name":"Loader","decl":{"start":{"line":1,"column":15},"end":{"line":3,"column":2}},"loc":{"start":{"line":1,"column":15},"end":{"line":3,"column":2}},"line":1}},"f":{"0":12}}
,"C:\\Users\\bonda\\react\\src\\components\\Results\\Results.tsx": {"path":"C:\\Users\\bonda\\react\\src\\components\\Results\\Results.tsx","all":false,"statementMap":{"0":{"start":{"line":1,"column":0},"end":{"line":1,"column":23}},"2":{"start":{"line":3,"column":0},"end":{"line":3,"column":74}},"4":{"start":{"line":5,"column":0},"end":{"line":5,"column":54}},"5":{"start":{"line":6,"column":0},"end":{"line":6,"column":33}},"6":{"start":{"line":7,"column":0},"end":{"line":7,"column":33}},"8":{"start":{"line":9,"column":0},"end":{"line":9,"column":10}},"9":{"start":{"line":10,"column":0},"end":{"line":10,"column":29}},"10":{"start":{"line":11,"column":0},"end":{"line":11,"column":10}},"11":{"start":{"line":12,"column":0},"end":{"line":12,"column":35}},"12":{"start":{"line":13,"column":0},"end":{"line":13,"column":24}},"13":{"start":{"line":14,"column":0},"end":{"line":14,"column":70}},"14":{"start":{"line":15,"column":0},"end":{"line":15,"column":10}},"15":{"start":{"line":16,"column":0},"end":{"line":16,"column":13}},"16":{"start":{"line":17,"column":0},"end":{"line":17,"column":41}},"17":{"start":{"line":18,"column":0},"end":{"line":18,"column":36}},"18":{"start":{"line":19,"column":0},"end":{"line":19,"column":15}},"19":{"start":{"line":20,"column":0},"end":{"line":20,"column":36}},"20":{"start":{"line":21,"column":0},"end":{"line":21,"column":40}},"21":{"start":{"line":22,"column":0},"end":{"line":22,"column":23}},"22":{"start":{"line":23,"column":0},"end":{"line":23,"column":123}},"24":{"start":{"line":25,"column":0},"end":{"line":25,"column":61}},"25":{"start":{"line":26,"column":0},"end":{"line":26,"column":17}},"26":{"start":{"line":27,"column":0},"end":{"line":27,"column":11}},"27":{"start":{"line":28,"column":0},"end":{"line":28,"column":70}},"28":{"start":{"line":29,"column":0},"end":{"line":29,"column":75}},"30":{"start":{"line":31,"column":0},"end":{"line":31,"column":12}},"31":{"start":{"line":32,"column":0},"end":{"line":32,"column":16}},"32":{"start":{"line":33,"column":0},"end":{"line":33,"column":10}},"34":{"start":{"line":35,"column":0},"end":{"line":35,"column":2}},"36":{"start":{"line":37,"column":0},"end":{"line":37,"column":23}}},"s":{"0":1,"2":1,"4":1,"5":4,"6":4,"8":4,"9":4,"10":4,"11":4,"12":4,"13":0,"14":0,"15":4,"16":4,"17":4,"18":3,"19":3,"20":3,"21":3,"22":3,"24":3,"25":3,"26":4,"27":4,"28":1,"30":4,"31":4,"32":4,"34":4,"36":1},"branchMap":{"0":{"type":"branch","line":5,"loc":{"start":{"line":5,"column":39},"end":{"line":35,"column":2}},"locations":[{"start":{"line":5,"column":39},"end":{"line":35,"column":2}}]},"1":{"type":"branch","line":28,"loc":{"start":{"line":28,"column":15},"end":{"line":28,"column":70}},"locations":[{"start":{"line":28,"column":15},"end":{"line":28,"column":70}}]},"2":{"type":"branch","line":28,"loc":{"start":{"line":28,"column":64},"end":{"line":29,"column":75}},"locations":[{"start":{"line":28,"column":64},"end":{"line":29,"column":75}}]},"3":{"type":"branch","line":18,"loc":{"start":{"line":18,"column":18},"end":{"line":26,"column":17}},"locations":[{"start":{"line":18,"column":18},"end":{"line":26,"column":17}}]},"4":{"type":"branch","line":23,"loc":{"start":{"line":23,"column":57},"end":{"line":23,"column":63}},"locations":[{"start":{"line":23,"column":57},"end":{"line":23,"column":63}}]}},"b":{"0":[4],"1":[1],"2":[1],"3":[3],"4":[2]},"fnMap":{"0":{"name":"Results","decl":{"start":{"line":5,"column":39},"end":{"line":35,"column":2}},"loc":{"start":{"line":5,"column":39},"end":{"line":35,"column":2}},"line":5},"1":{"name":"onClick","decl":{"start":{"line":13,"column":17},"end":{"line":15,"column":10}},"loc":{"start":{"line":13,"column":17},"end":{"line":15,"column":10}},"line":13}},"f":{"0":4,"1":0}}
,"C:\\Users\\bonda\\react\\src\\components\\SearchForm\\SearchForm.tsx": {"path":"C:\\Users\\bonda\\react\\src\\components\\SearchForm\\SearchForm.tsx","all":false,"statementMap":{"0":{"start":{"line":1,"column":0},"end":{"line":1,"column":43}},"1":{"start":{"line":2,"column":0},"end":{"line":2,"column":26}},"2":{"start":{"line":3,"column":0},"end":{"line":3,"column":57}},"8":{"start":{"line":9,"column":0},"end":{"line":9,"column":65}},"9":{"start":{"line":10,"column":0},"end":{"line":10,"column":59}},"11":{"start":{"line":12,"column":0},"end":{"line":12,"column":71}},"12":{"start":{"line":13,"column":0},"end":{"line":13,"column":39}},"13":{"start":{"line":14,"column":0},"end":{"line":14,"column":4}},"15":{"start":{"line":16,"column":0},"end":{"line":16,"column":72}},"16":{"start":{"line":17,"column":0},"end":{"line":17,"column":27}},"17":{"start":{"line":18,"column":0},"end":{"line":18,"column":26}},"18":{"start":{"line":19,"column":0},"end":{"line":19,"column":4}},"20":{"start":{"line":21,"column":0},"end":{"line":21,"column":10}},"21":{"start":{"line":22,"column":0},"end":{"line":22,"column":33}},"22":{"start":{"line":23,"column":0},"end":{"line":23,"column":12}},"23":{"start":{"line":24,"column":0},"end":{"line":24,"column":38}},"24":{"start":{"line":25,"column":0},"end":{"line":25,"column":19}},"25":{"start":{"line":26,"column":0},"end":{"line":26,"column":31}},"26":{"start":{"line":27,"column":0},"end":{"line":27,"column":27}},"27":{"start":{"line":28,"column":0},"end":{"line":28,"column":36}},"28":{"start":{"line":29,"column":0},"end":{"line":29,"column":8}},"29":{"start":{"line":30,"column":0},"end":{"line":30,"column":69}},"31":{"start":{"line":32,"column":0},"end":{"line":32,"column":15}},"32":{"start":{"line":33,"column":0},"end":{"line":33,"column":10}},"34":{"start":{"line":35,"column":0},"end":{"line":35,"column":2}},"36":{"start":{"line":37,"column":0},"end":{"line":37,"column":26}}},"s":{"0":1,"1":1,"2":1,"8":1,"9":11,"11":11,"12":2,"13":2,"15":11,"16":3,"17":3,"18":3,"20":11,"21":11,"22":11,"23":11,"24":11,"25":11,"26":11,"27":11,"28":11,"29":11,"31":11,"32":11,"34":11,"36":1},"branchMap":{"0":{"type":"branch","line":9,"loc":{"start":{"line":9,"column":46},"end":{"line":35,"column":2}},"locations":[{"start":{"line":9,"column":46},"end":{"line":35,"column":2}}]},"1":{"type":"branch","line":12,"loc":{"start":{"line":12,"column":28},"end":{"line":14,"column":4}},"locations":[{"start":{"line":12,"column":28},"end":{"line":14,"column":4}}]},"2":{"type":"branch","line":16,"loc":{"start":{"line":16,"column":23},"end":{"line":19,"column":4}},"locations":[{"start":{"line":16,"column":23},"end":{"line":19,"column":4}}]}},"b":{"0":[11],"1":[2],"2":[3]},"fnMap":{"0":{"name":"SearchForm","decl":{"start":{"line":9,"column":46},"end":{"line":35,"column":2}},"loc":{"start":{"line":9,"column":46},"end":{"line":35,"column":2}},"line":9},"1":{"name":"handleInputChange","decl":{"start":{"line":12,"column":28},"end":{"line":14,"column":4}},"loc":{"start":{"line":12,"column":28},"end":{"line":14,"column":4}},"line":12},"2":{"name":"handleSearch","decl":{"start":{"line":16,"column":23},"end":{"line":19,"column":4}},"loc":{"start":{"line":16,"column":23},"end":{"line":19,"column":4}},"line":16}},"f":{"0":11,"1":2,"2":3}}
,"C:\\Users\\bonda\\react\\src\\components\\Theme\\ThemeContext.tsx": {"path":"C:\\Users\\bonda\\react\\src\\components\\Theme\\ThemeContext.tsx","all":false,"statementMap":{"0":{"start":{"line":1,"column":0},"end":{"line":1,"column":71}},"9":{"start":{"line":10,"column":0},"end":{"line":10,"column":69}},"11":{"start":{"line":12,"column":0},"end":{"line":12,"column":73}},"12":{"start":{"line":13,"column":0},"end":{"line":13,"column":53}},"14":{"start":{"line":15,"column":0},"end":{"line":15,"column":29}},"15":{"start":{"line":16,"column":0},"end":{"line":16,"column":72}},"16":{"start":{"line":17,"column":0},"end":{"line":17,"column":4}},"18":{"start":{"line":19,"column":0},"end":{"line":19,"column":10}},"19":{"start":{"line":20,"column":0},"end":{"line":20,"column":58}},"20":{"start":{"line":21,"column":0},"end":{"line":21,"column":16}},"21":{"start":{"line":22,"column":0},"end":{"line":22,"column":28}},"23":{"start":{"line":24,"column":0},"end":{"line":24,"column":2}},"25":{"start":{"line":26,"column":0},"end":{"line":26,"column":31}},"26":{"start":{"line":27,"column":0},"end":{"line":27,"column":43}},"27":{"start":{"line":28,"column":0},"end":{"line":28,"column":17}},"28":{"start":{"line":29,"column":0},"end":{"line":29,"column":38}},"29":{"start":{"line":30,"column":0},"end":{"line":30,"column":3}},"30":{"start":{"line":31,"column":0},"end":{"line":31,"column":17}},"31":{"start":{"line":32,"column":0},"end":{"line":32,"column":2}}},"s":{"0":1,"9":1,"11":1,"12":3,"14":3,"15":0,"16":0,"18":3,"19":3,"20":3,"21":3,"23":3,"25":1,"26":17,"27":17,"28":0,"29":0,"30":17,"31":17},"branchMap":{"0":{"type":"branch","line":12,"loc":{"start":{"line":12,"column":29},"end":{"line":24,"column":2}},"locations":[{"start":{"line":12,"column":29},"end":{"line":24,"column":2}}]},"1":{"type":"branch","line":26,"loc":{"start":{"line":26,"column":24},"end":{"line":32,"column":2}},"locations":[{"start":{"line":26,"column":24},"end":{"line":32,"column":2}}]},"2":{"type":"branch","line":28,"loc":{"start":{"line":28,"column":16},"end":{"line":30,"column":3}},"locations":[{"start":{"line":28,"column":16},"end":{"line":30,"column":3}}]}},"b":{"0":[3],"1":[17],"2":[0]},"fnMap":{"0":{"name":"ThemeProvider","decl":{"start":{"line":12,"column":29},"end":{"line":24,"column":2}},"loc":{"start":{"line":12,"column":29},"end":{"line":24,"column":2}},"line":12},"1":{"name":"toggleTheme","decl":{"start":{"line":15,"column":22},"end":{"line":17,"column":4}},"loc":{"start":{"line":15,"column":22},"end":{"line":17,"column":4}},"line":15},"2":{"name":"useTheme","decl":{"start":{"line":26,"column":24},"end":{"line":32,"column":2}},"loc":{"start":{"line":26,"column":24},"end":{"line":32,"column":2}},"line":26}},"f":{"0":3,"1":0,"2":17}}
,"C:\\Users\\bonda\\react\\src\\components\\Theme\\ThemeToggle.tsx": {"path":"C:\\Users\\bonda\\react\\src\\components\\Theme\\ThemeToggle.tsx","all":false,"statementMap":{"0":{"start":{"line":1,"column":0},"end":{"line":1,"column":42}},"1":{"start":{"line":2,"column":0},"end":{"line":2,"column":21}},"3":{"start":{"line":4,"column":0},"end":{"line":4,"column":27}},"4":{"start":{"line":5,"column":0},"end":{"line":5,"column":44}},"6":{"start":{"line":7,"column":0},"end":{"line":7,"column":10}},"7":{"start":{"line":8,"column":0},"end":{"line":8,"column":59}},"8":{"start":{"line":9,"column":0},"end":{"line":9,"column":50}},"9":{"start":{"line":10,"column":0},"end":{"line":10,"column":13}},"11":{"start":{"line":12,"column":0},"end":{"line":12,"column":2}},"13":{"start":{"line":14,"column":0},"end":{"line":14,"column":27}}},"s":{"0":1,"1":1,"3":1,"4":7,"6":7,"7":7,"8":7,"9":7,"11":7,"13":1},"branchMap":{"0":{"type":"branch","line":4,"loc":{"start":{"line":4,"column":20},"end":{"line":12,"column":2}},"locations":[{"start":{"line":4,"column":20},"end":{"line":12,"column":2}}]},"1":{"type":"branch","line":9,"loc":{"start":{"line":9,"column":27},"end":{"line":9,"column":44}},"locations":[{"start":{"line":9,"column":27},"end":{"line":9,"column":44}}]}},"b":{"0":[7],"1":[0]},"fnMap":{"0":{"name":"ThemeToggle","decl":{"start":{"line":4,"column":20},"end":{"line":12,"column":2}},"loc":{"start":{"line":4,"column":20},"end":{"line":12,"column":2}},"line":4}},"f":{"0":7}}
,"C:\\Users\\bonda\\react\\src\\utils\\apiSlice.tsx": {"path":"C:\\Users\\bonda\\react\\src\\utils\\apiSlice.tsx","all":false,"statementMap":{"0":{"start":{"line":1,"column":0},"end":{"line":1,"column":73}},"3":{"start":{"line":4,"column":0},"end":{"line":4,"column":35}},"4":{"start":{"line":5,"column":0},"end":{"line":5,"column":21}},"5":{"start":{"line":6,"column":0},"end":{"line":6,"column":67}},"6":{"start":{"line":7,"column":0},"end":{"line":7,"column":28}},"7":{"start":{"line":8,"column":0},"end":{"line":8,"column":54}},"8":{"start":{"line":9,"column":0},"end":{"line":9,"column":36}},"9":{"start":{"line":10,"column":0},"end":{"line":10,"column":7}},"10":{"start":{"line":11,"column":0},"end":{"line":11,"column":29}},"13":{"start":{"line":14,"column":0},"end":{"line":14,"column":7}},"14":{"start":{"line":15,"column":0},"end":{"line":15,"column":75}},"15":{"start":{"line":16,"column":0},"end":{"line":16,"column":7}},"16":{"start":{"line":17,"column":0},"end":{"line":17,"column":5}},"17":{"start":{"line":18,"column":0},"end":{"line":18,"column":3}},"19":{"start":{"line":20,"column":0},"end":{"line":20,"column":69}}},"s":{"0":1,"3":1,"4":1,"5":1,"6":1,"7":3,"8":3,"9":3,"10":3,"13":3,"14":3,"15":3,"16":3,"17":1,"19":1},"branchMap":{"0":{"type":"branch","line":7,"loc":{"start":{"line":7,"column":13},"end":{"line":17,"column":5}},"locations":[{"start":{"line":7,"column":13},"end":{"line":17,"column":5}}]},"1":{"type":"branch","line":9,"loc":{"start":{"line":9,"column":13},"end":{"line":9,"column":36}},"locations":[{"start":{"line":9,"column":13},"end":{"line":9,"column":36}}]},"2":{"type":"branch","line":15,"loc":{"start":{"line":15,"column":13},"end":{"line":15,"column":75}},"locations":[{"start":{"line":15,"column":13},"end":{"line":15,"column":75}}]}},"b":{"0":[3],"1":[2],"2":[3]},"fnMap":{"0":{"name":"endpoints","decl":{"start":{"line":7,"column":13},"end":{"line":17,"column":5}},"loc":{"start":{"line":7,"column":13},"end":{"line":17,"column":5}},"line":7},"1":{"name":"query","decl":{"start":{"line":9,"column":13},"end":{"line":9,"column":36}},"loc":{"start":{"line":9,"column":13},"end":{"line":9,"column":36}},"line":9},"2":{"name":"query","decl":{"start":{"line":15,"column":13},"end":{"line":15,"column":75}},"loc":{"start":{"line":15,"column":13},"end":{"line":15,"column":75}},"line":15}},"f":{"0":3,"1":2,"2":3}}
,"C:\\Users\\bonda\\react\\src\\utils\\useLocalStorage.tsx": {"path":"C:\\Users\\bonda\\react\\src\\utils\\useLocalStorage.tsx","all":false,"statementMap":{"0":{"start":{"line":1,"column":0},"end":{"line":1,"column":44}},"2":{"start":{"line":3,"column":0},"end":{"line":3,"column":30}},"3":{"start":{"line":4,"column":0},"end":{"line":4,"column":53}},"5":{"start":{"line":6,"column":0},"end":{"line":6,"column":19}},"6":{"start":{"line":7,"column":0},"end":{"line":7,"column":59}},"7":{"start":{"line":8,"column":0},"end":{"line":8,"column":21}},"8":{"start":{"line":9,"column":0},"end":{"line":9,"column":33}},"9":{"start":{"line":10,"column":0},"end":{"line":10,"column":5}},"10":{"start":{"line":11,"column":0},"end":{"line":11,"column":9}},"12":{"start":{"line":13,"column":0},"end":{"line":13,"column":19}},"13":{"start":{"line":14,"column":0},"end":{"line":14,"column":53}},"14":{"start":{"line":15,"column":0},"end":{"line":15,"column":20}},"16":{"start":{"line":17,"column":0},"end":{"line":17,"column":10}},"17":{"start":{"line":18,"column":0},"end":{"line":18,"column":16}},"18":{"start":{"line":19,"column":0},"end":{"line":19,"column":19}},"19":{"start":{"line":20,"column":0},"end":{"line":20,"column":4}},"20":{"start":{"line":21,"column":0},"end":{"line":21,"column":2}},"22":{"start":{"line":23,"column":0},"end":{"line":23,"column":30}}},"s":{"0":1,"2":1,"3":11,"5":11,"6":5,"7":5,"8":0,"9":0,"10":11,"12":11,"13":7,"14":11,"16":11,"17":11,"18":11,"19":11,"20":11,"22":1},"branchMap":{"0":{"type":"branch","line":3,"loc":{"start":{"line":3,"column":23},"end":{"line":21,"column":2}},"locations":[{"start":{"line":3,"column":23},"end":{"line":21,"column":2}}]},"1":{"type":"branch","line":6,"loc":{"start":{"line":6,"column":12},"end":{"line":11,"column":5}},"locations":[{"start":{"line":6,"column":12},"end":{"line":11,"column":5}}]},"2":{"type":"branch","line":8,"loc":{"start":{"line":8,"column":20},"end":{"line":10,"column":5}},"locations":[{"start":{"line":8,"column":20},"end":{"line":10,"column":5}}]},"3":{"type":"branch","line":13,"loc":{"start":{"line":13,"column":12},"end":{"line":15,"column":5}},"locations":[{"start":{"line":13,"column":12},"end":{"line":15,"column":5}}]}},"b":{"0":[11],"1":[5],"2":[0],"3":[7]},"fnMap":{"0":{"name":"useSearchQuery","decl":{"start":{"line":3,"column":23},"end":{"line":21,"column":2}},"loc":{"start":{"line":3,"column":23},"end":{"line":21,"column":2}},"line":3}},"f":{"0":11}}
}
