{"C:\\Users\\bonda\\react\\next.config.mjs": {"path":"C:\\Users\\bonda\\react\\next.config.mjs","all":true,"statementMap":{"0":{"start":{"line":1,"column":0},"end":{"line":1,"column":20}},"1":{"start":{"line":2,"column":0},"end":{"line":2,"column":26}},"2":{"start":{"line":3,"column":0},"end":{"line":3,"column":22}},"3":{"start":{"line":4,"column":0},"end":{"line":4,"column":3}},"4":{"start":{"line":5,"column":0},"end":{"line":5,"column":3}},"5":{"start":{"line":6,"column":0},"end":{"line":6,"column":27}}},"s":{"0":0,"1":0,"2":0,"3":0,"4":0,"5":0},"branchMap":{"0":{"type":"branch","line":1,"loc":{"start":{"line":1,"column":0},"end":{"line":6,"column":16}},"locations":[{"start":{"line":1,"column":0},"end":{"line":6,"column":16}}]}},"b":{"0":[0]},"fnMap":{"0":{"name":"(empty-report)","decl":{"start":{"line":1,"column":0},"end":{"line":6,"column":16}},"loc":{"start":{"line":1,"column":0},"end":{"line":6,"column":16}},"line":1}},"f":{"0":0}}
,"C:\\Users\\bonda\\react\\src\\common\\NotFound\\NotFound.tsx": {"path":"C:\\Users\\bonda\\react\\src\\common\\NotFound\\NotFound.tsx","all":false,"statementMap":{"0":{"start":{"line":1,"column":0},"end":{"line":1,"column":43}},"2":{"start":{"line":3,"column":0},"end":{"line":3,"column":24}},"3":{"start":{"line":4,"column":0},"end":{"line":4,"column":10}},"4":{"start":{"line":5,"column":0},"end":{"line":5,"column":41}},"5":{"start":{"line":6,"column":0},"end":{"line":6,"column":33}},"6":{"start":{"line":7,"column":0},"end":{"line":7,"column":10}},"8":{"start":{"line":9,"column":0},"end":{"line":9,"column":2}},"10":{"start":{"line":11,"column":0},"end":{"line":11,"column":24}}},"s":{"0":1,"2":1,"3":2,"4":2,"5":2,"6":2,"8":2,"10":1},"branchMap":{"0":{"type":"branch","line":3,"loc":{"start":{"line":3,"column":17},"end":{"line":9,"column":2}},"locations":[{"start":{"line":3,"column":17},"end":{"line":9,"column":2}}]}},"b":{"0":[2]},"fnMap":{"0":{"name":"NotFound","decl":{"start":{"line":3,"column":17},"end":{"line":9,"column":2}},"loc":{"start":{"line":3,"column":17},"end":{"line":9,"column":2}},"line":3}},"f":{"0":2}}
,"C:\\Users\\bonda\\react\\src\\common\\RootReducer\\rootReducer.ts": {"path":"C:\\Users\\bonda\\react\\src\\common\\RootReducer\\rootReducer.ts","all":false,"statementMap":{"0":{"start":{"line":1,"column":0},"end":{"line":1,"column":60}},"1":{"start":{"line":2,"column":0},"end":{"line":2,"column":48}},"2":{"start":{"line":3,"column":0},"end":{"line":3,"column":90}},"4":{"start":{"line":5,"column":0},"end":{"line":5,"column":37}},"5":{"start":{"line":6,"column":0},"end":{"line":6,"column":43}},"6":{"start":{"line":7,"column":0},"end":{"line":7,"column":69}},"7":{"start":{"line":8,"column":0},"end":{"line":8,"column":3}},"10":{"start":{"line":11,"column":0},"end":{"line":11,"column":27}}},"s":{"0":1,"1":1,"2":1,"4":1,"5":1,"6":1,"7":1,"10":1},"branchMap":{},"b":{},"fnMap":{},"f":{}}
,"C:\\Users\\bonda\\react\\src\\common\\store\\Store.tsx": {"path":"C:\\Users\\bonda\\react\\src\\common\\store\\Store.tsx","all":false,"statementMap":{"0":{"start":{"line":1,"column":0},"end":{"line":1,"column":50}},"1":{"start":{"line":2,"column":0},"end":{"line":2,"column":53}},"2":{"start":{"line":3,"column":0},"end":{"line":3,"column":48}},"3":{"start":{"line":4,"column":0},"end":{"line":4,"column":51}},"5":{"start":{"line":6,"column":0},"end":{"line":6,"column":30}},"6":{"start":{"line":7,"column":0},"end":{"line":7,"column":18}},"7":{"start":{"line":8,"column":0},"end":{"line":8,"column":25}},"8":{"start":{"line":9,"column":0},"end":{"line":9,"column":41}},"9":{"start":{"line":10,"column":0},"end":{"line":10,"column":57}},"10":{"start":{"line":11,"column":0},"end":{"line":11,"column":5}},"15":{"start":{"line":16,"column":0},"end":{"line":16,"column":48}}},"s":{"0":1,"1":1,"2":1,"3":1,"5":1,"6":1,"7":1,"8":1,"9":1,"10":1,"15":1},"branchMap":{"0":{"type":"branch","line":6,"loc":{"start":{"line":6,"column":25},"end":{"line":11,"column":5}},"locations":[{"start":{"line":6,"column":25},"end":{"line":11,"column":5}}]},"1":{"type":"branch","line":9,"loc":{"start":{"line":9,"column":16},"end":{"line":10,"column":57}},"locations":[{"start":{"line":9,"column":16},"end":{"line":10,"column":57}}]}},"b":{"0":[1],"1":[1]},"fnMap":{"0":{"name":"makeStore","decl":{"start":{"line":6,"column":25},"end":{"line":11,"column":5}},"loc":{"start":{"line":6,"column":25},"end":{"line":11,"column":5}},"line":6},"1":{"name":"middleware","decl":{"start":{"line":9,"column":16},"end":{"line":10,"column":57}},"loc":{"start":{"line":9,"column":16},"end":{"line":10,"column":57}},"line":9}},"f":{"0":1,"1":1}}
,"C:\\Users\\bonda\\react\\src\\components\\Details\\Details.tsx": {"path":"C:\\Users\\bonda\\react\\src\\components\\Details\\Details.tsx","all":false,"statementMap":{"0":{"start":{"line":1,"column":0},"end":{"line":1,"column":42}},"1":{"start":{"line":2,"column":0},"end":{"line":2,"column":38}},"9":{"start":{"line":10,"column":0},"end":{"line":10,"column":64}},"10":{"start":{"line":11,"column":0},"end":{"line":11,"column":10}},"11":{"start":{"line":12,"column":0},"end":{"line":12,"column":43}},"12":{"start":{"line":13,"column":0},"end":{"line":13,"column":16}},"13":{"start":{"line":14,"column":0},"end":{"line":14,"column":18}},"14":{"start":{"line":15,"column":0},"end":{"line":15,"column":18}},"15":{"start":{"line":16,"column":0},"end":{"line":16,"column":35}},"16":{"start":{"line":17,"column":0},"end":{"line":17,"column":51}},"17":{"start":{"line":18,"column":0},"end":{"line":18,"column":67}},"18":{"start":{"line":19,"column":0},"end":{"line":19,"column":67}},"19":{"start":{"line":20,"column":0},"end":{"line":20,"column":71}},"20":{"start":{"line":21,"column":0},"end":{"line":21,"column":79}},"21":{"start":{"line":22,"column":0},"end":{"line":22,"column":79}},"22":{"start":{"line":23,"column":0},"end":{"line":23,"column":77}},"23":{"start":{"line":24,"column":0},"end":{"line":24,"column":79}},"24":{"start":{"line":25,"column":0},"end":{"line":25,"column":71}},"25":{"start":{"line":26,"column":0},"end":{"line":26,"column":16}},"26":{"start":{"line":27,"column":0},"end":{"line":27,"column":17}},"27":{"start":{"line":28,"column":0},"end":{"line":28,"column":44}},"28":{"start":{"line":29,"column":0},"end":{"line":29,"column":29}},"29":{"start":{"line":30,"column":0},"end":{"line":30,"column":37}},"30":{"start":{"line":31,"column":0},"end":{"line":31,"column":11}},"32":{"start":{"line":33,"column":0},"end":{"line":33,"column":19}},"33":{"start":{"line":34,"column":0},"end":{"line":34,"column":14}},"35":{"start":{"line":36,"column":0},"end":{"line":36,"column":32}},"37":{"start":{"line":38,"column":0},"end":{"line":38,"column":10}},"39":{"start":{"line":40,"column":0},"end":{"line":40,"column":2}},"41":{"start":{"line":42,"column":0},"end":{"line":42,"column":23}}},"s":{"0":1,"1":1,"9":1,"10":4,"11":4,"12":4,"13":0,"14":4,"15":4,"16":4,"17":4,"18":4,"19":4,"20":4,"21":4,"22":4,"23":4,"24":4,"25":4,"26":4,"27":4,"28":4,"29":4,"30":4,"32":4,"33":4,"35":0,"37":4,"39":4,"41":1},"branchMap":{"0":{"type":"branch","line":10,"loc":{"start":{"line":10,"column":40},"end":{"line":40,"column":2}},"locations":[{"start":{"line":10,"column":40},"end":{"line":40,"column":2}}]},"1":{"type":"branch","line":13,"loc":{"start":{"line":13,"column":8},"end":{"line":14,"column":18}},"locations":[{"start":{"line":13,"column":8},"end":{"line":14,"column":18}}]},"2":{"type":"branch","line":34,"loc":{"start":{"line":34,"column":8},"end":{"line":36,"column":32}},"locations":[{"start":{"line":34,"column":8},"end":{"line":36,"column":32}}]}},"b":{"0":[4],"1":[0],"2":[0]},"fnMap":{"0":{"name":"Details","decl":{"start":{"line":10,"column":40},"end":{"line":40,"column":2}},"loc":{"start":{"line":10,"column":40},"end":{"line":40,"column":2}},"line":10}},"f":{"0":4}}
,"C:\\Users\\bonda\\react\\src\\components\\ErrorBoundary\\ErrorBoundary.tsx": {"path":"C:\\Users\\bonda\\react\\src\\components\\ErrorBoundary\\ErrorBoundary.tsx","all":false,"statementMap":{"0":{"start":{"line":1,"column":0},"end":{"line":1,"column":34}},"1":{"start":{"line":2,"column":0},"end":{"line":2,"column":48}},"11":{"start":{"line":12,"column":0},"end":{"line":12,"column":63}},"12":{"start":{"line":13,"column":0},"end":{"line":13,"column":34}},"13":{"start":{"line":14,"column":0},"end":{"line":14,"column":17}},"14":{"start":{"line":15,"column":0},"end":{"line":15,"column":18}},"15":{"start":{"line":16,"column":0},"end":{"line":16,"column":22}},"16":{"start":{"line":17,"column":0},"end":{"line":17,"column":6}},"17":{"start":{"line":18,"column":0},"end":{"line":18,"column":3}},"19":{"start":{"line":20,"column":0},"end":{"line":20,"column":37}},"20":{"start":{"line":21,"column":0},"end":{"line":21,"column":30}},"21":{"start":{"line":22,"column":0},"end":{"line":22,"column":3}},"23":{"start":{"line":24,"column":0},"end":{"line":24,"column":12}},"24":{"start":{"line":25,"column":0},"end":{"line":25,"column":34}},"25":{"start":{"line":26,"column":0},"end":{"line":26,"column":79}},"27":{"start":{"line":28,"column":0},"end":{"line":28,"column":25}},"29":{"start":{"line":30,"column":0},"end":{"line":30,"column":3}},"30":{"start":{"line":31,"column":0},"end":{"line":31,"column":1}},"32":{"start":{"line":33,"column":0},"end":{"line":33,"column":29}}},"s":{"0":1,"1":1,"11":1,"12":1,"13":4,"14":4,"15":4,"16":4,"17":4,"19":1,"20":2,"21":2,"23":1,"24":5,"25":2,"27":3,"29":5,"30":1,"32":1},"branchMap":{"0":{"type":"branch","line":13,"loc":{"start":{"line":13,"column":2},"end":{"line":18,"column":3}},"locations":[{"start":{"line":13,"column":2},"end":{"line":18,"column":3}}]},"1":{"type":"branch","line":20,"loc":{"start":{"line":20,"column":9},"end":{"line":22,"column":3}},"locations":[{"start":{"line":20,"column":9},"end":{"line":22,"column":3}}]},"2":{"type":"branch","line":24,"loc":{"start":{"line":24,"column":2},"end":{"line":30,"column":3}},"locations":[{"start":{"line":24,"column":2},"end":{"line":30,"column":3}}]},"3":{"type":"branch","line":25,"loc":{"start":{"line":25,"column":22},"end":{"line":26,"column":79}},"locations":[{"start":{"line":25,"column":22},"end":{"line":26,"column":79}}]},"4":{"type":"branch","line":26,"loc":{"start":{"line":26,"column":73},"end":{"line":28,"column":25}},"locations":[{"start":{"line":26,"column":73},"end":{"line":28,"column":25}}]}},"b":{"0":[4],"1":[2],"2":[5],"3":[2],"4":[3]},"fnMap":{"0":{"name":"ErrorBoundary","decl":{"start":{"line":13,"column":2},"end":{"line":18,"column":3}},"loc":{"start":{"line":13,"column":2},"end":{"line":18,"column":3}},"line":13},"1":{"name":"getDerivedStateFromError","decl":{"start":{"line":20,"column":9},"end":{"line":22,"column":3}},"loc":{"start":{"line":20,"column":9},"end":{"line":22,"column":3}},"line":20},"2":{"name":"render","decl":{"start":{"line":24,"column":2},"end":{"line":30,"column":3}},"loc":{"start":{"line":24,"column":2},"end":{"line":30,"column":3}},"line":24}},"f":{"0":4,"1":2,"2":5}}
,"C:\\Users\\bonda\\react\\src\\components\\Flyout\\Flyout.tsx": {"path":"C:\\Users\\bonda\\react\\src\\components\\Flyout\\Flyout.tsx","all":false,"statementMap":{"0":{"start":{"line":1,"column":0},"end":{"line":1,"column":55}},"1":{"start":{"line":2,"column":0},"end":{"line":2,"column":41}},"3":{"start":{"line":4,"column":0},"end":{"line":4,"column":75}},"5":{"start":{"line":6,"column":0},"end":{"line":6,"column":22}},"6":{"start":{"line":7,"column":0},"end":{"line":7,"column":36}},"7":{"start":{"line":8,"column":0},"end":{"line":8,"column":52}},"8":{"start":{"line":9,"column":0},"end":{"line":9,"column":4}},"10":{"start":{"line":11,"column":0},"end":{"line":11,"column":33}},"12":{"start":{"line":13,"column":0},"end":{"line":13,"column":37}},"13":{"start":{"line":14,"column":0},"end":{"line":14,"column":27}},"14":{"start":{"line":15,"column":0},"end":{"line":15,"column":4}},"16":{"start":{"line":17,"column":0},"end":{"line":17,"column":32}},"17":{"start":{"line":18,"column":0},"end":{"line":18,"column":30}},"18":{"start":{"line":19,"column":0},"end":{"line":19,"column":4}},"20":{"start":{"line":21,"column":0},"end":{"line":21,"column":10}},"21":{"start":{"line":22,"column":0},"end":{"line":22,"column":63}},"22":{"start":{"line":23,"column":0},"end":{"line":23,"column":76}},"24":{"start":{"line":25,"column":0},"end":{"line":25,"column":15}},"25":{"start":{"line":26,"column":0},"end":{"line":26,"column":80}},"26":{"start":{"line":27,"column":0},"end":{"line":27,"column":71}},"28":{"start":{"line":29,"column":0},"end":{"line":29,"column":15}},"29":{"start":{"line":30,"column":0},"end":{"line":30,"column":10}},"31":{"start":{"line":32,"column":0},"end":{"line":32,"column":2}},"33":{"start":{"line":34,"column":0},"end":{"line":34,"column":22}}},"s":{"0":1,"1":1,"3":1,"5":1,"6":5,"7":5,"8":5,"10":5,"12":5,"13":1,"14":1,"16":5,"17":0,"18":0,"20":5,"21":5,"22":5,"24":5,"25":5,"26":5,"28":5,"29":5,"31":5,"33":1},"branchMap":{"0":{"type":"branch","line":6,"loc":{"start":{"line":6,"column":15},"end":{"line":32,"column":2}},"locations":[{"start":{"line":6,"column":15},"end":{"line":32,"column":2}}]},"1":{"type":"branch","line":8,"loc":{"start":{"line":8,"column":4},"end":{"line":8,"column":52}},"locations":[{"start":{"line":8,"column":4},"end":{"line":8,"column":52}}]},"2":{"type":"branch","line":13,"loc":{"start":{"line":13,"column":30},"end":{"line":15,"column":4}},"locations":[{"start":{"line":13,"column":30},"end":{"line":15,"column":4}}]}},"b":{"0":[5],"1":[10],"2":[1]},"fnMap":{"0":{"name":"Flyout","decl":{"start":{"line":6,"column":15},"end":{"line":32,"column":2}},"loc":{"start":{"line":6,"column":15},"end":{"line":32,"column":2}},"line":6},"1":{"name":"handleUnselectItems","decl":{"start":{"line":13,"column":30},"end":{"line":15,"column":4}},"loc":{"start":{"line":13,"column":30},"end":{"line":15,"column":4}},"line":13},"2":{"name":"handleDownload","decl":{"start":{"line":17,"column":25},"end":{"line":19,"column":4}},"loc":{"start":{"line":17,"column":25},"end":{"line":19,"column":4}},"line":17}},"f":{"0":5,"1":1,"2":0}}
,"C:\\Users\\bonda\\react\\src\\components\\Loader\\Loader.tsx": {"path":"C:\\Users\\bonda\\react\\src\\components\\Loader\\Loader.tsx","all":false,"statementMap":{"0":{"start":{"line":1,"column":0},"end":{"line":1,"column":22}},"1":{"start":{"line":2,"column":0},"end":{"line":2,"column":51}},"2":{"start":{"line":3,"column":0},"end":{"line":3,"column":2}},"4":{"start":{"line":5,"column":0},"end":{"line":5,"column":22}}},"s":{"0":1,"1":1,"2":1,"4":1},"branchMap":{"0":{"type":"branch","line":1,"loc":{"start":{"line":1,"column":15},"end":{"line":3,"column":2}},"locations":[{"start":{"line":1,"column":15},"end":{"line":3,"column":2}}]}},"b":{"0":[1]},"fnMap":{"0":{"name":"Loader","decl":{"start":{"line":1,"column":15},"end":{"line":3,"column":2}},"loc":{"start":{"line":1,"column":15},"end":{"line":3,"column":2}},"line":1}},"f":{"0":1}}
,"C:\\Users\\bonda\\react\\src\\components\\Results\\Results.tsx": {"path":"C:\\Users\\bonda\\react\\src\\components\\Results\\Results.tsx","all":false,"statementMap":{"0":{"start":{"line":1,"column":0},"end":{"line":1,"column":44}},"1":{"start":{"line":2,"column":0},"end":{"line":2,"column":55}},"2":{"start":{"line":3,"column":0},"end":{"line":3,"column":40}},"3":{"start":{"line":4,"column":0},"end":{"line":4,"column":69}},"5":{"start":{"line":6,"column":0},"end":{"line":6,"column":38}},"6":{"start":{"line":7,"column":0},"end":{"line":7,"column":41}},"7":{"start":{"line":8,"column":0},"end":{"line":8,"column":42}},"22":{"start":{"line":23,"column":0},"end":{"line":23,"column":24}},"24":{"start":{"line":25,"column":0},"end":{"line":25,"column":31}},"25":{"start":{"line":26,"column":0},"end":{"line":26,"column":29}},"26":{"start":{"line":27,"column":0},"end":{"line":27,"column":36}},"27":{"start":{"line":28,"column":0},"end":{"line":28,"column":52}},"28":{"start":{"line":29,"column":0},"end":{"line":29,"column":4}},"29":{"start":{"line":30,"column":0},"end":{"line":30,"column":33}},"30":{"start":{"line":31,"column":0},"end":{"line":31,"column":76}},"32":{"start":{"line":33,"column":0},"end":{"line":33,"column":19}},"33":{"start":{"line":34,"column":0},"end":{"line":34,"column":26}},"34":{"start":{"line":35,"column":0},"end":{"line":35,"column":51}},"35":{"start":{"line":36,"column":0},"end":{"line":36,"column":5}},"36":{"start":{"line":37,"column":0},"end":{"line":37,"column":24}},"38":{"start":{"line":39,"column":0},"end":{"line":39,"column":44}},"39":{"start":{"line":40,"column":0},"end":{"line":40,"column":28}},"40":{"start":{"line":41,"column":0},"end":{"line":41,"column":4}},"42":{"start":{"line":43,"column":0},"end":{"line":43,"column":46}},"43":{"start":{"line":44,"column":0},"end":{"line":44,"column":36}},"44":{"start":{"line":45,"column":0},"end":{"line":45,"column":4}},"46":{"start":{"line":47,"column":0},"end":{"line":47,"column":43}},"47":{"start":{"line":48,"column":0},"end":{"line":48,"column":61}},"48":{"start":{"line":49,"column":0},"end":{"line":49,"column":26}},"49":{"start":{"line":50,"column":0},"end":{"line":50,"column":50}},"50":{"start":{"line":51,"column":0},"end":{"line":51,"column":47}},"51":{"start":{"line":52,"column":0},"end":{"line":52,"column":72}},"52":{"start":{"line":53,"column":0},"end":{"line":53,"column":4}},"54":{"start":{"line":55,"column":0},"end":{"line":55,"column":36}},"55":{"start":{"line":56,"column":0},"end":{"line":56,"column":28}},"56":{"start":{"line":57,"column":0},"end":{"line":57,"column":77}},"57":{"start":{"line":58,"column":0},"end":{"line":58,"column":4}},"59":{"start":{"line":60,"column":0},"end":{"line":60,"column":10}},"60":{"start":{"line":61,"column":0},"end":{"line":61,"column":36}},"61":{"start":{"line":62,"column":0},"end":{"line":62,"column":10}},"62":{"start":{"line":63,"column":0},"end":{"line":63,"column":41}},"63":{"start":{"line":64,"column":0},"end":{"line":64,"column":24}},"64":{"start":{"line":65,"column":0},"end":{"line":65,"column":22}},"65":{"start":{"line":66,"column":0},"end":{"line":66,"column":72}},"66":{"start":{"line":67,"column":0},"end":{"line":67,"column":12}},"67":{"start":{"line":68,"column":0},"end":{"line":68,"column":10}},"68":{"start":{"line":69,"column":0},"end":{"line":69,"column":13}},"69":{"start":{"line":70,"column":0},"end":{"line":70,"column":47}},"70":{"start":{"line":71,"column":0},"end":{"line":71,"column":36}},"71":{"start":{"line":72,"column":0},"end":{"line":72,"column":14}},"72":{"start":{"line":73,"column":0},"end":{"line":73,"column":42}},"73":{"start":{"line":74,"column":0},"end":{"line":74,"column":40}},"74":{"start":{"line":75,"column":0},"end":{"line":75,"column":23}},"75":{"start":{"line":76,"column":0},"end":{"line":76,"column":49}},"77":{"start":{"line":78,"column":0},"end":{"line":78,"column":18}},"78":{"start":{"line":79,"column":0},"end":{"line":79,"column":29}},"79":{"start":{"line":80,"column":0},"end":{"line":80,"column":45}},"80":{"start":{"line":81,"column":0},"end":{"line":81,"column":36}},"81":{"start":{"line":82,"column":0},"end":{"line":82,"column":31}},"82":{"start":{"line":83,"column":0},"end":{"line":83,"column":20}},"83":{"start":{"line":84,"column":0},"end":{"line":84,"column":37}},"84":{"start":{"line":85,"column":0},"end":{"line":85,"column":70}},"85":{"start":{"line":86,"column":0},"end":{"line":86,"column":19}},"86":{"start":{"line":87,"column":0},"end":{"line":87,"column":19}},"87":{"start":{"line":88,"column":0},"end":{"line":88,"column":43}},"88":{"start":{"line":89,"column":0},"end":{"line":89,"column":24}},"89":{"start":{"line":90,"column":0},"end":{"line":90,"column":41}},"90":{"start":{"line":91,"column":0},"end":{"line":91,"column":17}},"91":{"start":{"line":92,"column":0},"end":{"line":92,"column":16}},"92":{"start":{"line":93,"column":0},"end":{"line":93,"column":42}},"93":{"start":{"line":94,"column":0},"end":{"line":94,"column":66}},"94":{"start":{"line":95,"column":0},"end":{"line":95,"column":16}},"95":{"start":{"line":96,"column":0},"end":{"line":96,"column":21}},"96":{"start":{"line":97,"column":0},"end":{"line":97,"column":67}},"97":{"start":{"line":98,"column":0},"end":{"line":98,"column":16}},"98":{"start":{"line":99,"column":0},"end":{"line":99,"column":11}},"99":{"start":{"line":100,"column":0},"end":{"line":100,"column":26}},"100":{"start":{"line":101,"column":0},"end":{"line":101,"column":80}},"102":{"start":{"line":103,"column":0},"end":{"line":103,"column":48}},"103":{"start":{"line":104,"column":0},"end":{"line":104,"column":12}},"104":{"start":{"line":105,"column":0},"end":{"line":105,"column":40}},"105":{"start":{"line":106,"column":0},"end":{"line":106,"column":66}},"107":{"start":{"line":108,"column":0},"end":{"line":108,"column":10}},"109":{"start":{"line":110,"column":0},"end":{"line":110,"column":2}},"111":{"start":{"line":112,"column":0},"end":{"line":112,"column":23}}},"s":{"0":1,"1":1,"2":1,"3":1,"5":1,"6":1,"7":1,"22":1,"24":1,"25":11,"26":11,"27":11,"28":11,"29":11,"30":11,"32":11,"33":8,"34":0,"35":0,"36":11,"38":11,"39":1,"40":1,"42":11,"43":0,"44":0,"46":11,"47":2,"48":2,"49":2,"50":2,"51":2,"52":2,"54":11,"55":0,"56":0,"57":0,"59":11,"60":11,"61":11,"62":11,"63":11,"64":0,"65":0,"66":0,"67":0,"68":11,"69":11,"70":11,"71":6,"72":6,"73":6,"74":6,"75":6,"77":6,"78":6,"79":6,"80":6,"81":6,"82":1,"83":1,"84":1,"85":1,"86":1,"87":0,"88":1,"89":1,"90":1,"91":1,"92":6,"93":6,"94":6,"95":6,"96":6,"97":6,"98":11,"99":11,"100":5,"102":11,"103":11,"104":11,"105":2,"107":11,"109":11,"111":1},"branchMap":{"0":{"type":"branch","line":25,"loc":{"start":{"line":25,"column":4},"end":{"line":110,"column":2}},"locations":[{"start":{"line":25,"column":4},"end":{"line":110,"column":2}}]},"1":{"type":"branch","line":100,"loc":{"start":{"line":100,"column":15},"end":{"line":101,"column":80}},"locations":[{"start":{"line":100,"column":15},"end":{"line":101,"column":80}}]},"2":{"type":"branch","line":103,"loc":{"start":{"line":103,"column":32},"end":{"line":103,"column":48}},"locations":[{"start":{"line":103,"column":32},"end":{"line":103,"column":48}}]},"3":{"type":"branch","line":105,"loc":{"start":{"line":105,"column":7},"end":{"line":105,"column":40}},"locations":[{"start":{"line":105,"column":7},"end":{"line":105,"column":40}}]},"4":{"type":"branch","line":105,"loc":{"start":{"line":105,"column":25},"end":{"line":106,"column":66}},"locations":[{"start":{"line":105,"column":25},"end":{"line":106,"column":66}}]},"5":{"type":"branch","line":28,"loc":{"start":{"line":28,"column":4},"end":{"line":28,"column":52}},"locations":[{"start":{"line":28,"column":4},"end":{"line":28,"column":52}}]},"6":{"type":"branch","line":33,"loc":{"start":{"line":33,"column":12},"end":{"line":37,"column":5}},"locations":[{"start":{"line":33,"column":12},"end":{"line":37,"column":5}}]},"7":{"type":"branch","line":34,"loc":{"start":{"line":34,"column":25},"end":{"line":36,"column":5}},"locations":[{"start":{"line":34,"column":25},"end":{"line":36,"column":5}}]},"8":{"type":"branch","line":39,"loc":{"start":{"line":39,"column":27},"end":{"line":41,"column":4}},"locations":[{"start":{"line":39,"column":27},"end":{"line":41,"column":4}}]},"9":{"type":"branch","line":47,"loc":{"start":{"line":47,"column":26},"end":{"line":53,"column":4}},"locations":[{"start":{"line":47,"column":26},"end":{"line":53,"column":4}}]},"10":{"type":"branch","line":51,"loc":{"start":{"line":51,"column":37},"end":{"line":51,"column":47}},"locations":[{"start":{"line":51,"column":37},"end":{"line":51,"column":47}}]},"11":{"type":"branch","line":71,"loc":{"start":{"line":71,"column":18},"end":{"line":98,"column":16}},"locations":[{"start":{"line":71,"column":18},"end":{"line":98,"column":16}}]},"12":{"type":"branch","line":76,"loc":{"start":{"line":76,"column":21},"end":{"line":76,"column":49}},"locations":[{"start":{"line":76,"column":21},"end":{"line":76,"column":49}}]},"13":{"type":"branch","line":82,"loc":{"start":{"line":82,"column":24},"end":{"line":92,"column":16}},"locations":[{"start":{"line":82,"column":24},"end":{"line":92,"column":16}}]},"14":{"type":"branch","line":87,"loc":{"start":{"line":87,"column":18},"end":{"line":89,"column":23}},"locations":[{"start":{"line":87,"column":18},"end":{"line":89,"column":23}}]},"15":{"type":"branch","line":94,"loc":{"start":{"line":94,"column":16},"end":{"line":94,"column":66}},"locations":[{"start":{"line":94,"column":16},"end":{"line":94,"column":66}}]}},"b":{"0":[11],"1":[5],"2":[2],"3":[2],"4":[2],"5":[20],"6":[8],"7":[0],"8":[1],"9":[2],"10":[0],"11":[6],"12":[2],"13":[1],"14":[0],"15":[2]},"fnMap":{"0":{"name":"Results","decl":{"start":{"line":25,"column":4},"end":{"line":110,"column":2}},"loc":{"start":{"line":25,"column":4},"end":{"line":110,"column":2}},"line":25},"1":{"name":"handleSelectItem","decl":{"start":{"line":39,"column":27},"end":{"line":41,"column":4}},"loc":{"start":{"line":39,"column":27},"end":{"line":41,"column":4}},"line":39},"2":{"name":"handleUnselectItem","decl":{"start":{"line":43,"column":29},"end":{"line":45,"column":4}},"loc":{"start":{"line":43,"column":29},"end":{"line":45,"column":4}},"line":43},"3":{"name":"handleCardClick","decl":{"start":{"line":47,"column":26},"end":{"line":53,"column":4}},"loc":{"start":{"line":47,"column":26},"end":{"line":53,"column":4}},"line":47},"4":{"name":"handleCloseDetails","decl":{"start":{"line":55,"column":29},"end":{"line":58,"column":4}},"loc":{"start":{"line":55,"column":29},"end":{"line":58,"column":4}},"line":55},"5":{"name":"onClick","decl":{"start":{"line":64,"column":17},"end":{"line":68,"column":10}},"loc":{"start":{"line":64,"column":17},"end":{"line":68,"column":10}},"line":64},"6":{"name":"onClick","decl":{"start":{"line":76,"column":21},"end":{"line":76,"column":49}},"loc":{"start":{"line":76,"column":21},"end":{"line":76,"column":49}},"line":76},"7":{"name":"onChange","decl":{"start":{"line":82,"column":24},"end":{"line":92,"column":16}},"loc":{"start":{"line":82,"column":24},"end":{"line":92,"column":16}},"line":82}},"f":{"0":11,"1":1,"2":0,"3":2,"4":0,"5":0,"6":2,"7":1}}
,"C:\\Users\\bonda\\react\\src\\components\\SearchForm\\SearchForm.tsx": {"path":"C:\\Users\\bonda\\react\\src\\components\\SearchForm\\SearchForm.tsx","all":false,"statementMap":{"0":{"start":{"line":1,"column":0},"end":{"line":1,"column":43}},"1":{"start":{"line":2,"column":0},"end":{"line":2,"column":45}},"2":{"start":{"line":3,"column":0},"end":{"line":3,"column":57}},"8":{"start":{"line":9,"column":0},"end":{"line":9,"column":65}},"9":{"start":{"line":10,"column":0},"end":{"line":10,"column":59}},"11":{"start":{"line":12,"column":0},"end":{"line":12,"column":71}},"12":{"start":{"line":13,"column":0},"end":{"line":13,"column":39}},"13":{"start":{"line":14,"column":0},"end":{"line":14,"column":4}},"15":{"start":{"line":16,"column":0},"end":{"line":16,"column":72}},"16":{"start":{"line":17,"column":0},"end":{"line":17,"column":27}},"17":{"start":{"line":18,"column":0},"end":{"line":18,"column":26}},"18":{"start":{"line":19,"column":0},"end":{"line":19,"column":4}},"20":{"start":{"line":21,"column":0},"end":{"line":21,"column":10}},"21":{"start":{"line":22,"column":0},"end":{"line":22,"column":39}},"22":{"start":{"line":23,"column":0},"end":{"line":23,"column":12}},"23":{"start":{"line":24,"column":0},"end":{"line":24,"column":42}},"24":{"start":{"line":25,"column":0},"end":{"line":25,"column":19}},"25":{"start":{"line":26,"column":0},"end":{"line":26,"column":31}},"26":{"start":{"line":27,"column":0},"end":{"line":27,"column":27}},"27":{"start":{"line":28,"column":0},"end":{"line":28,"column":36}},"28":{"start":{"line":29,"column":0},"end":{"line":29,"column":8}},"29":{"start":{"line":30,"column":0},"end":{"line":30,"column":73}},"31":{"start":{"line":32,"column":0},"end":{"line":32,"column":15}},"32":{"start":{"line":33,"column":0},"end":{"line":33,"column":10}},"34":{"start":{"line":35,"column":0},"end":{"line":35,"column":2}},"36":{"start":{"line":37,"column":0},"end":{"line":37,"column":26}}},"s":{"0":1,"1":1,"2":1,"8":1,"9":12,"11":12,"12":4,"13":4,"15":12,"16":3,"17":3,"18":3,"20":12,"21":12,"22":12,"23":12,"24":12,"25":12,"26":12,"27":12,"28":12,"29":12,"31":12,"32":12,"34":12,"36":1},"branchMap":{"0":{"type":"branch","line":9,"loc":{"start":{"line":9,"column":46},"end":{"line":35,"column":2}},"locations":[{"start":{"line":9,"column":46},"end":{"line":35,"column":2}}]},"1":{"type":"branch","line":12,"loc":{"start":{"line":12,"column":28},"end":{"line":14,"column":4}},"locations":[{"start":{"line":12,"column":28},"end":{"line":14,"column":4}}]},"2":{"type":"branch","line":16,"loc":{"start":{"line":16,"column":23},"end":{"line":19,"column":4}},"locations":[{"start":{"line":16,"column":23},"end":{"line":19,"column":4}}]}},"b":{"0":[12],"1":[4],"2":[3]},"fnMap":{"0":{"name":"SearchForm","decl":{"start":{"line":9,"column":46},"end":{"line":35,"column":2}},"loc":{"start":{"line":9,"column":46},"end":{"line":35,"column":2}},"line":9},"1":{"name":"handleInputChange","decl":{"start":{"line":12,"column":28},"end":{"line":14,"column":4}},"loc":{"start":{"line":12,"column":28},"end":{"line":14,"column":4}},"line":12},"2":{"name":"handleSearch","decl":{"start":{"line":16,"column":23},"end":{"line":19,"column":4}},"loc":{"start":{"line":16,"column":23},"end":{"line":19,"column":4}},"line":16}},"f":{"0":12,"1":4,"2":3}}
,"C:\\Users\\bonda\\react\\src\\components\\Theme\\ThemeContext.tsx": {"path":"C:\\Users\\bonda\\react\\src\\components\\Theme\\ThemeContext.tsx","all":false,"statementMap":{"0":{"start":{"line":1,"column":0},"end":{"line":1,"column":71}},"9":{"start":{"line":10,"column":0},"end":{"line":10,"column":69}},"11":{"start":{"line":12,"column":0},"end":{"line":12,"column":73}},"12":{"start":{"line":13,"column":0},"end":{"line":13,"column":53}},"14":{"start":{"line":15,"column":0},"end":{"line":15,"column":29}},"15":{"start":{"line":16,"column":0},"end":{"line":16,"column":72}},"16":{"start":{"line":17,"column":0},"end":{"line":17,"column":4}},"18":{"start":{"line":19,"column":0},"end":{"line":19,"column":10}},"19":{"start":{"line":20,"column":0},"end":{"line":20,"column":58}},"20":{"start":{"line":21,"column":0},"end":{"line":21,"column":16}},"21":{"start":{"line":22,"column":0},"end":{"line":22,"column":28}},"23":{"start":{"line":24,"column":0},"end":{"line":24,"column":2}},"25":{"start":{"line":26,"column":0},"end":{"line":26,"column":31}},"26":{"start":{"line":27,"column":0},"end":{"line":27,"column":43}},"27":{"start":{"line":28,"column":0},"end":{"line":28,"column":17}},"28":{"start":{"line":29,"column":0},"end":{"line":29,"column":38}},"29":{"start":{"line":30,"column":0},"end":{"line":30,"column":3}},"30":{"start":{"line":31,"column":0},"end":{"line":31,"column":17}},"31":{"start":{"line":32,"column":0},"end":{"line":32,"column":2}}},"s":{"0":1,"9":1,"11":1,"12":3,"14":3,"15":0,"16":0,"18":3,"19":3,"20":3,"21":3,"23":3,"25":1,"26":9,"27":9,"28":0,"29":0,"30":9,"31":9},"branchMap":{"0":{"type":"branch","line":12,"loc":{"start":{"line":12,"column":29},"end":{"line":24,"column":2}},"locations":[{"start":{"line":12,"column":29},"end":{"line":24,"column":2}}]},"1":{"type":"branch","line":26,"loc":{"start":{"line":26,"column":24},"end":{"line":32,"column":2}},"locations":[{"start":{"line":26,"column":24},"end":{"line":32,"column":2}}]},"2":{"type":"branch","line":28,"loc":{"start":{"line":28,"column":16},"end":{"line":30,"column":3}},"locations":[{"start":{"line":28,"column":16},"end":{"line":30,"column":3}}]}},"b":{"0":[3],"1":[9],"2":[0]},"fnMap":{"0":{"name":"ThemeProvider","decl":{"start":{"line":12,"column":29},"end":{"line":24,"column":2}},"loc":{"start":{"line":12,"column":29},"end":{"line":24,"column":2}},"line":12},"1":{"name":"toggleTheme","decl":{"start":{"line":15,"column":22},"end":{"line":17,"column":4}},"loc":{"start":{"line":15,"column":22},"end":{"line":17,"column":4}},"line":15},"2":{"name":"useTheme","decl":{"start":{"line":26,"column":24},"end":{"line":32,"column":2}},"loc":{"start":{"line":26,"column":24},"end":{"line":32,"column":2}},"line":26}},"f":{"0":3,"1":0,"2":9}}
,"C:\\Users\\bonda\\react\\src\\components\\Theme\\ThemeToggle.tsx": {"path":"C:\\Users\\bonda\\react\\src\\components\\Theme\\ThemeToggle.tsx","all":false,"statementMap":{"0":{"start":{"line":1,"column":0},"end":{"line":1,"column":42}},"1":{"start":{"line":2,"column":0},"end":{"line":2,"column":40}},"3":{"start":{"line":4,"column":0},"end":{"line":4,"column":27}},"4":{"start":{"line":5,"column":0},"end":{"line":5,"column":44}},"6":{"start":{"line":7,"column":0},"end":{"line":7,"column":10}},"7":{"start":{"line":8,"column":0},"end":{"line":8,"column":65}},"8":{"start":{"line":9,"column":0},"end":{"line":9,"column":50}},"9":{"start":{"line":10,"column":0},"end":{"line":10,"column":13}},"11":{"start":{"line":12,"column":0},"end":{"line":12,"column":2}},"13":{"start":{"line":14,"column":0},"end":{"line":14,"column":27}}},"s":{"0":1,"1":1,"3":1,"4":4,"6":4,"7":4,"8":4,"9":4,"11":4,"13":1},"branchMap":{"0":{"type":"branch","line":4,"loc":{"start":{"line":4,"column":20},"end":{"line":12,"column":2}},"locations":[{"start":{"line":4,"column":20},"end":{"line":12,"column":2}}]},"1":{"type":"branch","line":9,"loc":{"start":{"line":9,"column":27},"end":{"line":9,"column":44}},"locations":[{"start":{"line":9,"column":27},"end":{"line":9,"column":44}}]}},"b":{"0":[4],"1":[0]},"fnMap":{"0":{"name":"ThemeToggle","decl":{"start":{"line":4,"column":20},"end":{"line":12,"column":2}},"loc":{"start":{"line":4,"column":20},"end":{"line":12,"column":2}},"line":4}},"f":{"0":4}}
,"C:\\Users\\bonda\\react\\src\\pages\\404.tsx": {"path":"C:\\Users\\bonda\\react\\src\\pages\\404.tsx","all":false,"statementMap":{"0":{"start":{"line":1,"column":0},"end":{"line":1,"column":51}},"2":{"start":{"line":3,"column":0},"end":{"line":3,"column":33}},"3":{"start":{"line":4,"column":0},"end":{"line":4,"column":22}},"4":{"start":{"line":5,"column":0},"end":{"line":5,"column":2}},"6":{"start":{"line":7,"column":0},"end":{"line":7,"column":33}}},"s":{"0":1,"2":1,"3":1,"4":1,"6":1},"branchMap":{"0":{"type":"branch","line":3,"loc":{"start":{"line":3,"column":26},"end":{"line":5,"column":2}},"locations":[{"start":{"line":3,"column":26},"end":{"line":5,"column":2}}]}},"b":{"0":[1]},"fnMap":{"0":{"name":"NotFoundComponent","decl":{"start":{"line":3,"column":26},"end":{"line":5,"column":2}},"loc":{"start":{"line":3,"column":26},"end":{"line":5,"column":2}},"line":3}},"f":{"0":1}}
,"C:\\Users\\bonda\\react\\src\\pages\\_app.tsx": {"path":"C:\\Users\\bonda\\react\\src\\pages\\_app.tsx","all":true,"statementMap":{"0":{"start":{"line":1,"column":0},"end":{"line":1,"column":36}},"1":{"start":{"line":2,"column":0},"end":{"line":2,"column":39}},"2":{"start":{"line":3,"column":0},"end":{"line":3,"column":48}},"3":{"start":{"line":4,"column":0},"end":{"line":4,"column":24}},"4":{"start":{"line":5,"column":0},"end":{"line":5,"column":65}},"6":{"start":{"line":7,"column":0},"end":{"line":7,"column":53}},"7":{"start":{"line":8,"column":0},"end":{"line":8,"column":57}},"8":{"start":{"line":9,"column":0},"end":{"line":9,"column":10}},"9":{"start":{"line":10,"column":0},"end":{"line":10,"column":28}},"10":{"start":{"line":11,"column":0},"end":{"line":11,"column":21}},"11":{"start":{"line":12,"column":0},"end":{"line":12,"column":42}},"12":{"start":{"line":13,"column":0},"end":{"line":13,"column":22}},"13":{"start":{"line":14,"column":0},"end":{"line":14,"column":15}},"15":{"start":{"line":16,"column":0},"end":{"line":16,"column":2}},"17":{"start":{"line":18,"column":0},"end":{"line":18,"column":21}}},"s":{"0":0,"1":0,"2":0,"3":0,"4":0,"6":0,"7":0,"8":0,"9":0,"10":0,"11":0,"12":0,"13":0,"15":0,"17":0},"branchMap":{"0":{"type":"branch","line":1,"loc":{"start":{"line":1,"column":504},"end":{"line":18,"column":21}},"locations":[{"start":{"line":1,"column":504},"end":{"line":18,"column":21}}]}},"b":{"0":[0]},"fnMap":{"0":{"name":"(empty-report)","decl":{"start":{"line":1,"column":504},"end":{"line":18,"column":21}},"loc":{"start":{"line":1,"column":504},"end":{"line":18,"column":21}},"line":1}},"f":{"0":0}}
,"C:\\Users\\bonda\\react\\src\\pages\\index.tsx": {"path":"C:\\Users\\bonda\\react\\src\\pages\\index.tsx","all":false,"statementMap":{"0":{"start":{"line":1,"column":0},"end":{"line":1,"column":44}},"1":{"start":{"line":2,"column":0},"end":{"line":2,"column":40}},"2":{"start":{"line":3,"column":0},"end":{"line":3,"column":45}},"3":{"start":{"line":4,"column":0},"end":{"line":4,"column":60}},"4":{"start":{"line":5,"column":0},"end":{"line":5,"column":61}},"5":{"start":{"line":6,"column":0},"end":{"line":6,"column":62}},"6":{"start":{"line":7,"column":0},"end":{"line":7,"column":58}},"7":{"start":{"line":8,"column":0},"end":{"line":8,"column":39}},"9":{"start":{"line":10,"column":0},"end":{"line":10,"column":48}},"11":{"start":{"line":12,"column":0},"end":{"line":12,"column":63}},"13":{"start":{"line":14,"column":0},"end":{"line":14,"column":53}},"14":{"start":{"line":15,"column":0},"end":{"line":15,"column":60}},"15":{"start":{"line":16,"column":0},"end":{"line":16,"column":9}},"16":{"start":{"line":17,"column":0},"end":{"line":17,"column":58}},"17":{"start":{"line":18,"column":0},"end":{"line":18,"column":65}},"18":{"start":{"line":19,"column":0},"end":{"line":19,"column":51}},"20":{"start":{"line":21,"column":0},"end":{"line":21,"column":50}},"21":{"start":{"line":22,"column":0},"end":{"line":22,"column":47}},"22":{"start":{"line":23,"column":0},"end":{"line":23,"column":30}},"23":{"start":{"line":24,"column":0},"end":{"line":24,"column":28}},"24":{"start":{"line":25,"column":0},"end":{"line":25,"column":11}},"25":{"start":{"line":26,"column":0},"end":{"line":26,"column":8}},"27":{"start":{"line":28,"column":0},"end":{"line":28,"column":25}},"28":{"start":{"line":29,"column":0},"end":{"line":29,"column":20}},"29":{"start":{"line":30,"column":0},"end":{"line":30,"column":46}},"30":{"start":{"line":31,"column":0},"end":{"line":31,"column":61}},"31":{"start":{"line":32,"column":0},"end":{"line":32,"column":10}},"32":{"start":{"line":33,"column":0},"end":{"line":33,"column":7}},"34":{"start":{"line":35,"column":0},"end":{"line":35,"column":80}},"35":{"start":{"line":36,"column":0},"end":{"line":36,"column":65}},"37":{"start":{"line":38,"column":0},"end":{"line":38,"column":14}},"38":{"start":{"line":39,"column":0},"end":{"line":39,"column":16}},"39":{"start":{"line":40,"column":0},"end":{"line":40,"column":22}},"40":{"start":{"line":41,"column":0},"end":{"line":41,"column":22}},"41":{"start":{"line":42,"column":0},"end":{"line":42,"column":51}},"42":{"start":{"line":43,"column":0},"end":{"line":43,"column":10}},"43":{"start":{"line":44,"column":0},"end":{"line":44,"column":8}},"44":{"start":{"line":45,"column":0},"end":{"line":45,"column":21}},"45":{"start":{"line":46,"column":0},"end":{"line":46,"column":59}},"46":{"start":{"line":47,"column":0},"end":{"line":47,"column":14}},"47":{"start":{"line":48,"column":0},"end":{"line":48,"column":16}},"48":{"start":{"line":49,"column":0},"end":{"line":49,"column":39}},"49":{"start":{"line":50,"column":0},"end":{"line":50,"column":25}},"50":{"start":{"line":51,"column":0},"end":{"line":51,"column":27}},"51":{"start":{"line":52,"column":0},"end":{"line":52,"column":10}},"52":{"start":{"line":53,"column":0},"end":{"line":53,"column":8}},"53":{"start":{"line":54,"column":0},"end":{"line":54,"column":5}},"54":{"start":{"line":55,"column":0},"end":{"line":55,"column":5}},"62":{"start":{"line":63,"column":0},"end":{"line":63,"column":71}},"63":{"start":{"line":64,"column":0},"end":{"line":64,"column":29}},"64":{"start":{"line":65,"column":0},"end":{"line":65,"column":49}},"65":{"start":{"line":66,"column":0},"end":{"line":66,"column":78}},"66":{"start":{"line":67,"column":0},"end":{"line":67,"column":4}},"67":{"start":{"line":68,"column":0},"end":{"line":68,"column":48}},"68":{"start":{"line":69,"column":0},"end":{"line":69,"column":31}},"70":{"start":{"line":71,"column":0},"end":{"line":71,"column":19}},"71":{"start":{"line":72,"column":0},"end":{"line":72,"column":19}},"72":{"start":{"line":73,"column":0},"end":{"line":73,"column":80}},"73":{"start":{"line":74,"column":0},"end":{"line":74,"column":6}},"74":{"start":{"line":75,"column":0},"end":{"line":75,"column":62}},"75":{"start":{"line":76,"column":0},"end":{"line":76,"column":32}},"76":{"start":{"line":77,"column":0},"end":{"line":77,"column":26}},"78":{"start":{"line":79,"column":0},"end":{"line":79,"column":43}},"79":{"start":{"line":80,"column":0},"end":{"line":80,"column":28}},"80":{"start":{"line":81,"column":0},"end":{"line":81,"column":40}},"81":{"start":{"line":82,"column":0},"end":{"line":82,"column":44}},"82":{"start":{"line":83,"column":0},"end":{"line":83,"column":5}},"83":{"start":{"line":84,"column":0},"end":{"line":84,"column":26}},"84":{"start":{"line":85,"column":0},"end":{"line":85,"column":15}},"85":{"start":{"line":86,"column":0},"end":{"line":86,"column":44}},"86":{"start":{"line":87,"column":0},"end":{"line":87,"column":4}},"88":{"start":{"line":89,"column":0},"end":{"line":89,"column":36}},"89":{"start":{"line":90,"column":0},"end":{"line":90,"column":19}},"90":{"start":{"line":91,"column":0},"end":{"line":91,"column":62}},"91":{"start":{"line":92,"column":0},"end":{"line":92,"column":5}},"92":{"start":{"line":93,"column":0},"end":{"line":93,"column":4}},"94":{"start":{"line":95,"column":0},"end":{"line":95,"column":32}},"95":{"start":{"line":96,"column":0},"end":{"line":96,"column":60}},"96":{"start":{"line":97,"column":0},"end":{"line":97,"column":4}},"98":{"start":{"line":99,"column":0},"end":{"line":99,"column":10}},"99":{"start":{"line":100,"column":0},"end":{"line":100,"column":78}},"100":{"start":{"line":101,"column":0},"end":{"line":101,"column":48}},"101":{"start":{"line":102,"column":0},"end":{"line":102,"column":15}},"102":{"start":{"line":103,"column":0},"end":{"line":103,"column":40}},"103":{"start":{"line":104,"column":0},"end":{"line":104,"column":26}},"104":{"start":{"line":105,"column":0},"end":{"line":105,"column":61}},"105":{"start":{"line":106,"column":0},"end":{"line":106,"column":12}},"106":{"start":{"line":107,"column":0},"end":{"line":107,"column":9}},"108":{"start":{"line":109,"column":0},"end":{"line":109,"column":17}},"109":{"start":{"line":110,"column":0},"end":{"line":110,"column":46}},"110":{"start":{"line":111,"column":0},"end":{"line":111,"column":23}},"111":{"start":{"line":112,"column":0},"end":{"line":112,"column":16}},"112":{"start":{"line":113,"column":0},"end":{"line":113,"column":15}},"113":{"start":{"line":114,"column":0},"end":{"line":114,"column":46}},"114":{"start":{"line":115,"column":0},"end":{"line":115,"column":18}},"115":{"start":{"line":116,"column":0},"end":{"line":116,"column":38}},"116":{"start":{"line":117,"column":0},"end":{"line":117,"column":35}},"117":{"start":{"line":118,"column":0},"end":{"line":118,"column":37}},"118":{"start":{"line":119,"column":0},"end":{"line":119,"column":12}},"119":{"start":{"line":120,"column":0},"end":{"line":120,"column":50}},"120":{"start":{"line":121,"column":0},"end":{"line":121,"column":19}},"121":{"start":{"line":122,"column":0},"end":{"line":122,"column":49}},"122":{"start":{"line":123,"column":0},"end":{"line":123,"column":42}},"123":{"start":{"line":124,"column":0},"end":{"line":124,"column":35}},"124":{"start":{"line":125,"column":0},"end":{"line":125,"column":13}},"126":{"start":{"line":127,"column":0},"end":{"line":127,"column":21}},"127":{"start":{"line":128,"column":0},"end":{"line":128,"column":36}},"128":{"start":{"line":129,"column":0},"end":{"line":129,"column":19}},"129":{"start":{"line":130,"column":0},"end":{"line":130,"column":49}},"130":{"start":{"line":131,"column":0},"end":{"line":131,"column":38}},"131":{"start":{"line":132,"column":0},"end":{"line":132,"column":13}},"133":{"start":{"line":134,"column":0},"end":{"line":134,"column":21}},"134":{"start":{"line":135,"column":0},"end":{"line":135,"column":16}},"135":{"start":{"line":136,"column":0},"end":{"line":136,"column":14}},"136":{"start":{"line":137,"column":0},"end":{"line":137,"column":16}},"137":{"start":{"line":138,"column":0},"end":{"line":138,"column":10}},"139":{"start":{"line":140,"column":0},"end":{"line":140,"column":2}},"141":{"start":{"line":142,"column":0},"end":{"line":142,"column":20}}},"s":{"0":1,"1":1,"2":1,"3":1,"4":1,"5":1,"6":1,"7":1,"9":1,"11":1,"13":1,"14":1,"15":0,"16":0,"17":0,"18":0,"20":0,"21":0,"22":0,"23":0,"24":0,"25":0,"27":0,"28":0,"29":0,"30":0,"31":0,"32":0,"34":0,"35":0,"37":0,"38":0,"39":0,"40":0,"41":0,"42":0,"43":0,"44":0,"45":0,"46":0,"47":0,"48":0,"49":0,"50":0,"51":0,"52":0,"53":0,"54":0,"62":1,"63":5,"64":5,"65":5,"66":5,"67":5,"68":5,"70":5,"71":3,"72":3,"73":3,"74":3,"75":3,"76":5,"78":5,"79":1,"80":1,"81":1,"82":1,"83":1,"84":1,"85":1,"86":1,"88":5,"89":0,"90":0,"91":0,"92":0,"94":5,"95":1,"96":1,"98":5,"99":5,"100":5,"101":5,"102":5,"103":5,"104":0,"105":0,"106":5,"108":5,"109":5,"110":5,"111":5,"112":5,"113":5,"114":5,"115":5,"116":5,"117":5,"118":5,"119":5,"120":5,"121":5,"122":5,"123":5,"124":5,"126":5,"127":5,"128":5,"129":5,"130":5,"131":5,"133":5,"134":5,"135":5,"136":5,"137":5,"139":5,"141":1},"branchMap":{"0":{"type":"branch","line":63,"loc":{"start":{"line":63,"column":13},"end":{"line":140,"column":2}},"locations":[{"start":{"line":63,"column":13},"end":{"line":140,"column":2}}]},"1":{"type":"branch","line":66,"loc":{"start":{"line":66,"column":65},"end":{"line":66,"column":75}},"locations":[{"start":{"line":66,"column":65},"end":{"line":66,"column":75}}]},"2":{"type":"branch","line":66,"loc":{"start":{"line":66,"column":70},"end":{"line":66,"column":78}},"locations":[{"start":{"line":66,"column":70},"end":{"line":66,"column":78}}]},"3":{"type":"branch","line":100,"loc":{"start":{"line":100,"column":52},"end":{"line":100,"column":78}},"locations":[{"start":{"line":100,"column":52},"end":{"line":100,"column":78}}]},"4":{"type":"branch","line":71,"loc":{"start":{"line":71,"column":12},"end":{"line":77,"column":5}},"locations":[{"start":{"line":71,"column":12},"end":{"line":77,"column":5}}]},"5":{"type":"branch","line":73,"loc":{"start":{"line":73,"column":67},"end":{"line":73,"column":77}},"locations":[{"start":{"line":73,"column":67},"end":{"line":73,"column":77}}]},"6":{"type":"branch","line":73,"loc":{"start":{"line":73,"column":72},"end":{"line":73,"column":80}},"locations":[{"start":{"line":73,"column":72},"end":{"line":73,"column":80}}]},"7":{"type":"branch","line":75,"loc":{"start":{"line":75,"column":55},"end":{"line":75,"column":62}},"locations":[{"start":{"line":75,"column":55},"end":{"line":75,"column":62}}]},"8":{"type":"branch","line":79,"loc":{"start":{"line":79,"column":23},"end":{"line":87,"column":4}},"locations":[{"start":{"line":79,"column":23},"end":{"line":87,"column":4}}]},"9":{"type":"branch","line":95,"loc":{"start":{"line":95,"column":25},"end":{"line":97,"column":4}},"locations":[{"start":{"line":95,"column":25},"end":{"line":97,"column":4}}]}},"b":{"0":[5],"1":[2],"2":[0],"3":[0],"4":[3],"5":[2],"6":[0],"7":[0],"8":[1],"9":[1]},"fnMap":{"0":{"name":"Home","decl":{"start":{"line":63,"column":13},"end":{"line":140,"column":2}},"loc":{"start":{"line":63,"column":13},"end":{"line":140,"column":2}},"line":63},"1":{"name":"handleSearch","decl":{"start":{"line":79,"column":23},"end":{"line":87,"column":4}},"loc":{"start":{"line":79,"column":23},"end":{"line":87,"column":4}},"line":79},"2":{"name":"handlePreviousPage","decl":{"start":{"line":89,"column":29},"end":{"line":93,"column":4}},"loc":{"start":{"line":89,"column":29},"end":{"line":93,"column":4}},"line":89},"3":{"name":"handleNextPage","decl":{"start":{"line":95,"column":25},"end":{"line":97,"column":4}},"loc":{"start":{"line":95,"column":25},"end":{"line":97,"column":4}},"line":95},"4":{"name":"onClick","decl":{"start":{"line":104,"column":19},"end":{"line":106,"column":12}},"loc":{"start":{"line":104,"column":19},"end":{"line":106,"column":12}},"line":104}},"f":{"0":5,"1":1,"2":0,"3":1,"4":0}}
,"C:\\Users\\bonda\\react\\src\\utils\\apiSlice.tsx": {"path":"C:\\Users\\bonda\\react\\src\\utils\\apiSlice.tsx","all":false,"statementMap":{"0":{"start":{"line":1,"column":0},"end":{"line":1,"column":73}},"3":{"start":{"line":4,"column":0},"end":{"line":4,"column":35}},"4":{"start":{"line":5,"column":0},"end":{"line":5,"column":21}},"5":{"start":{"line":6,"column":0},"end":{"line":6,"column":67}},"6":{"start":{"line":7,"column":0},"end":{"line":7,"column":28}},"7":{"start":{"line":8,"column":0},"end":{"line":8,"column":54}},"8":{"start":{"line":9,"column":0},"end":{"line":9,"column":36}},"9":{"start":{"line":10,"column":0},"end":{"line":10,"column":7}},"10":{"start":{"line":11,"column":0},"end":{"line":11,"column":29}},"13":{"start":{"line":14,"column":0},"end":{"line":14,"column":7}},"14":{"start":{"line":15,"column":0},"end":{"line":15,"column":75}},"15":{"start":{"line":16,"column":0},"end":{"line":16,"column":7}},"16":{"start":{"line":17,"column":0},"end":{"line":17,"column":5}},"17":{"start":{"line":18,"column":0},"end":{"line":18,"column":3}},"19":{"start":{"line":20,"column":0},"end":{"line":20,"column":69}},"20":{"start":{"line":21,"column":0},"end":{"line":21,"column":56}},"21":{"start":{"line":22,"column":0},"end":{"line":22,"column":63}}},"s":{"0":1,"3":1,"4":1,"5":1,"6":1,"7":4,"8":4,"9":4,"10":4,"13":4,"14":4,"15":4,"16":4,"17":1,"19":1,"20":1,"21":1},"branchMap":{"0":{"type":"branch","line":7,"loc":{"start":{"line":7,"column":13},"end":{"line":17,"column":5}},"locations":[{"start":{"line":7,"column":13},"end":{"line":17,"column":5}}]}},"b":{"0":[4]},"fnMap":{"0":{"name":"endpoints","decl":{"start":{"line":7,"column":13},"end":{"line":17,"column":5}},"loc":{"start":{"line":7,"column":13},"end":{"line":17,"column":5}},"line":7},"1":{"name":"query","decl":{"start":{"line":9,"column":13},"end":{"line":9,"column":36}},"loc":{"start":{"line":9,"column":13},"end":{"line":9,"column":36}},"line":9},"2":{"name":"query","decl":{"start":{"line":15,"column":13},"end":{"line":15,"column":75}},"loc":{"start":{"line":15,"column":13},"end":{"line":15,"column":75}},"line":15}},"f":{"0":4,"1":0,"2":0}}
,"C:\\Users\\bonda\\react\\src\\utils\\selectedItemsSlice.tsx": {"path":"C:\\Users\\bonda\\react\\src\\utils\\selectedItemsSlice.tsx","all":false,"statementMap":{"0":{"start":{"line":1,"column":0},"end":{"line":1,"column":62}},"7":{"start":{"line":8,"column":0},"end":{"line":8,"column":42}},"8":{"start":{"line":9,"column":0},"end":{"line":9,"column":12}},"9":{"start":{"line":10,"column":0},"end":{"line":10,"column":2}},"11":{"start":{"line":12,"column":0},"end":{"line":12,"column":40}},"12":{"start":{"line":13,"column":0},"end":{"line":13,"column":24}},"13":{"start":{"line":14,"column":0},"end":{"line":14,"column":15}},"14":{"start":{"line":15,"column":0},"end":{"line":15,"column":13}},"15":{"start":{"line":16,"column":0},"end":{"line":16,"column":60}},"16":{"start":{"line":17,"column":0},"end":{"line":17,"column":13}},"17":{"start":{"line":18,"column":0},"end":{"line":18,"column":13}},"18":{"start":{"line":19,"column":0},"end":{"line":19,"column":15}},"19":{"start":{"line":20,"column":0},"end":{"line":20,"column":12}},"20":{"start":{"line":21,"column":0},"end":{"line":21,"column":13}},"21":{"start":{"line":22,"column":0},"end":{"line":22,"column":19}},"22":{"start":{"line":23,"column":0},"end":{"line":23,"column":19}},"23":{"start":{"line":24,"column":0},"end":{"line":24,"column":18}},"24":{"start":{"line":25,"column":0},"end":{"line":25,"column":19}},"25":{"start":{"line":26,"column":0},"end":{"line":26,"column":15}},"26":{"start":{"line":27,"column":0},"end":{"line":27,"column":25}},"27":{"start":{"line":28,"column":0},"end":{"line":28,"column":24}},"28":{"start":{"line":29,"column":0},"end":{"line":29,"column":13}},"29":{"start":{"line":30,"column":0},"end":{"line":30,"column":15}},"30":{"start":{"line":31,"column":0},"end":{"line":31,"column":12}},"31":{"start":{"line":32,"column":0},"end":{"line":32,"column":13}},"32":{"start":{"line":33,"column":0},"end":{"line":33,"column":19}},"33":{"start":{"line":34,"column":0},"end":{"line":34,"column":19}},"34":{"start":{"line":35,"column":0},"end":{"line":35,"column":18}},"35":{"start":{"line":36,"column":0},"end":{"line":36,"column":19}},"36":{"start":{"line":37,"column":0},"end":{"line":37,"column":15}},"37":{"start":{"line":38,"column":0},"end":{"line":38,"column":9}},"38":{"start":{"line":39,"column":0},"end":{"line":39,"column":6}},"39":{"start":{"line":40,"column":0},"end":{"line":40,"column":59}},"40":{"start":{"line":41,"column":0},"end":{"line":41,"column":46}},"41":{"start":{"line":42,"column":0},"end":{"line":42,"column":39}},"42":{"start":{"line":43,"column":0},"end":{"line":43,"column":49}},"43":{"start":{"line":44,"column":0},"end":{"line":44,"column":8}},"44":{"start":{"line":45,"column":0},"end":{"line":45,"column":6}},"45":{"start":{"line":46,"column":0},"end":{"line":46,"column":28}},"46":{"start":{"line":47,"column":0},"end":{"line":47,"column":23}},"47":{"start":{"line":48,"column":0},"end":{"line":48,"column":6}},"48":{"start":{"line":49,"column":0},"end":{"line":49,"column":31}},"49":{"start":{"line":50,"column":0},"end":{"line":50,"column":33}},"50":{"start":{"line":51,"column":0},"end":{"line":51,"column":24}},"51":{"start":{"line":52,"column":0},"end":{"line":52,"column":84}},"52":{"start":{"line":53,"column":0},"end":{"line":53,"column":10}},"53":{"start":{"line":54,"column":0},"end":{"line":54,"column":20}},"54":{"start":{"line":55,"column":0},"end":{"line":55,"column":75}},"55":{"start":{"line":56,"column":0},"end":{"line":56,"column":44}},"56":{"start":{"line":57,"column":0},"end":{"line":57,"column":47}},"57":{"start":{"line":58,"column":0},"end":{"line":58,"column":22}},"58":{"start":{"line":59,"column":0},"end":{"line":59,"column":58}},"59":{"start":{"line":60,"column":0},"end":{"line":60,"column":19}},"60":{"start":{"line":61,"column":0},"end":{"line":61,"column":31}},"61":{"start":{"line":62,"column":0},"end":{"line":62,"column":6}},"62":{"start":{"line":63,"column":0},"end":{"line":63,"column":4}},"63":{"start":{"line":64,"column":0},"end":{"line":64,"column":3}},"65":{"start":{"line":66,"column":0},"end":{"line":66,"column":65}},"66":{"start":{"line":67,"column":0},"end":{"line":67,"column":29}},"67":{"start":{"line":68,"column":0},"end":{"line":68,"column":63}}},"s":{"0":1,"7":1,"8":1,"9":1,"11":1,"12":1,"13":1,"14":1,"15":1,"16":2,"17":2,"18":2,"19":2,"20":2,"21":2,"22":2,"23":2,"24":2,"25":2,"26":2,"27":2,"28":2,"29":2,"30":2,"31":2,"32":2,"33":2,"34":2,"35":2,"36":2,"37":2,"38":2,"39":1,"40":1,"41":1,"42":1,"43":1,"44":1,"45":1,"46":2,"47":2,"48":1,"49":0,"50":0,"51":0,"52":0,"53":0,"54":0,"55":0,"56":0,"57":0,"58":0,"59":0,"60":0,"61":0,"62":1,"63":1,"65":1,"66":1,"67":1},"branchMap":{"0":{"type":"branch","line":16,"loc":{"start":{"line":16,"column":13},"end":{"line":39,"column":6}},"locations":[{"start":{"line":16,"column":13},"end":{"line":39,"column":6}}]},"1":{"type":"branch","line":40,"loc":{"start":{"line":40,"column":16},"end":{"line":45,"column":6}},"locations":[{"start":{"line":40,"column":16},"end":{"line":45,"column":6}}]},"2":{"type":"branch","line":43,"loc":{"start":{"line":43,"column":8},"end":{"line":43,"column":49}},"locations":[{"start":{"line":43,"column":8},"end":{"line":43,"column":49}}]},"3":{"type":"branch","line":46,"loc":{"start":{"line":46,"column":16},"end":{"line":48,"column":6}},"locations":[{"start":{"line":46,"column":16},"end":{"line":48,"column":6}}]}},"b":{"0":[2],"1":[1],"2":[1],"3":[2]},"fnMap":{"0":{"name":"addItem","decl":{"start":{"line":16,"column":13},"end":{"line":39,"column":6}},"loc":{"start":{"line":16,"column":13},"end":{"line":39,"column":6}},"line":16},"1":{"name":"removeItem","decl":{"start":{"line":40,"column":16},"end":{"line":45,"column":6}},"loc":{"start":{"line":40,"column":16},"end":{"line":45,"column":6}},"line":40},"2":{"name":"clearItems","decl":{"start":{"line":46,"column":16},"end":{"line":48,"column":6}},"loc":{"start":{"line":46,"column":16},"end":{"line":48,"column":6}},"line":46},"3":{"name":"downloadItems","decl":{"start":{"line":49,"column":19},"end":{"line":62,"column":6}},"loc":{"start":{"line":49,"column":19},"end":{"line":62,"column":6}},"line":49}},"f":{"0":2,"1":1,"2":2,"3":0}}
,"C:\\Users\\bonda\\react\\src\\utils\\useLocalStorage.tsx": {"path":"C:\\Users\\bonda\\react\\src\\utils\\useLocalStorage.tsx","all":false,"statementMap":{"0":{"start":{"line":1,"column":0},"end":{"line":1,"column":44}},"2":{"start":{"line":3,"column":0},"end":{"line":3,"column":30}},"3":{"start":{"line":4,"column":0},"end":{"line":4,"column":53}},"5":{"start":{"line":6,"column":0},"end":{"line":6,"column":19}},"6":{"start":{"line":7,"column":0},"end":{"line":7,"column":59}},"7":{"start":{"line":8,"column":0},"end":{"line":8,"column":21}},"8":{"start":{"line":9,"column":0},"end":{"line":9,"column":33}},"9":{"start":{"line":10,"column":0},"end":{"line":10,"column":5}},"10":{"start":{"line":11,"column":0},"end":{"line":11,"column":9}},"12":{"start":{"line":13,"column":0},"end":{"line":13,"column":19}},"13":{"start":{"line":14,"column":0},"end":{"line":14,"column":53}},"14":{"start":{"line":15,"column":0},"end":{"line":15,"column":20}},"16":{"start":{"line":17,"column":0},"end":{"line":17,"column":10}},"17":{"start":{"line":18,"column":0},"end":{"line":18,"column":16}},"18":{"start":{"line":19,"column":0},"end":{"line":19,"column":19}},"19":{"start":{"line":20,"column":0},"end":{"line":20,"column":4}},"20":{"start":{"line":21,"column":0},"end":{"line":21,"column":2}},"22":{"start":{"line":23,"column":0},"end":{"line":23,"column":30}}},"s":{"0":1,"2":1,"3":12,"5":12,"6":5,"7":5,"8":2,"9":2,"10":12,"12":12,"13":11,"14":12,"16":12,"17":12,"18":12,"19":12,"20":12,"22":1},"branchMap":{"0":{"type":"branch","line":3,"loc":{"start":{"line":3,"column":23},"end":{"line":21,"column":2}},"locations":[{"start":{"line":3,"column":23},"end":{"line":21,"column":2}}]},"1":{"type":"branch","line":6,"loc":{"start":{"line":6,"column":12},"end":{"line":11,"column":5}},"locations":[{"start":{"line":6,"column":12},"end":{"line":11,"column":5}}]},"2":{"type":"branch","line":8,"loc":{"start":{"line":8,"column":20},"end":{"line":10,"column":5}},"locations":[{"start":{"line":8,"column":20},"end":{"line":10,"column":5}}]},"3":{"type":"branch","line":13,"loc":{"start":{"line":13,"column":12},"end":{"line":15,"column":5}},"locations":[{"start":{"line":13,"column":12},"end":{"line":15,"column":5}}]}},"b":{"0":[12],"1":[5],"2":[2],"3":[11]},"fnMap":{"0":{"name":"useSearchQuery","decl":{"start":{"line":3,"column":23},"end":{"line":21,"column":2}},"loc":{"start":{"line":3,"column":23},"end":{"line":21,"column":2}},"line":3}},"f":{"0":12}}
}
